This is pdfTeX, Version 3.14159265-2.6-1.40.21 (TeX Live 2020) (preloaded format=pdflatex 2020.7.29)  3 NOV 2020 11:44
entering extended mode
 restricted \write18 enabled.
 %&-line parsing enabled.
**/home/rstudio/granolarr/docs/practicals/pdf/324_P_Regression.tex
(/home/rstudio/granolarr/docs/practicals/pdf/324_P_Regression.tex
LaTeX2e <2020-02-02> patch level 5
L3 programming layer <2020-07-17> (/usr/local/texlive/texmf-dist/tex/latex/base
/article.cls
Document Class: article 2019/12/20 v1.4l Standard LaTeX document class
(/usr/local/texlive/texmf-dist/tex/latex/base/size10.clo
File: size10.clo 2019/12/20 v1.4l Standard LaTeX file (size option)
)
\c@part=\count168
\c@section=\count169
\c@subsection=\count170
\c@subsubsection=\count171
\c@paragraph=\count172
\c@subparagraph=\count173
\c@figure=\count174
\c@table=\count175
\abovecaptionskip=\skip47
\belowcaptionskip=\skip48
\bibindent=\dimen134
) (/usr/local/texlive/texmf-dist/tex/latex/lm/lmodern.sty
Package: lmodern 2009/10/30 v1.6 Latin Modern Fonts
LaTeX Font Info:    Overwriting symbol font `operators' in version `normal'
(Font)                  OT1/cmr/m/n --> OT1/lmr/m/n on input line 22.
LaTeX Font Info:    Overwriting symbol font `letters' in version `normal'
(Font)                  OML/cmm/m/it --> OML/lmm/m/it on input line 23.
LaTeX Font Info:    Overwriting symbol font `symbols' in version `normal'
(Font)                  OMS/cmsy/m/n --> OMS/lmsy/m/n on input line 24.
LaTeX Font Info:    Overwriting symbol font `largesymbols' in version `normal'
(Font)                  OMX/cmex/m/n --> OMX/lmex/m/n on input line 25.
LaTeX Font Info:    Overwriting symbol font `operators' in version `bold'
(Font)                  OT1/cmr/bx/n --> OT1/lmr/bx/n on input line 26.
LaTeX Font Info:    Overwriting symbol font `letters' in version `bold'
(Font)                  OML/cmm/b/it --> OML/lmm/b/it on input line 27.
LaTeX Font Info:    Overwriting symbol font `symbols' in version `bold'
(Font)                  OMS/cmsy/b/n --> OMS/lmsy/b/n on input line 28.
LaTeX Font Info:    Overwriting symbol font `largesymbols' in version `bold'
(Font)                  OMX/cmex/m/n --> OMX/lmex/m/n on input line 29.
LaTeX Font Info:    Overwriting math alphabet `\mathbf' in version `normal'
(Font)                  OT1/cmr/bx/n --> OT1/lmr/bx/n on input line 31.
LaTeX Font Info:    Overwriting math alphabet `\mathsf' in version `normal'
(Font)                  OT1/cmss/m/n --> OT1/lmss/m/n on input line 32.
LaTeX Font Info:    Overwriting math alphabet `\mathit' in version `normal'
(Font)                  OT1/cmr/m/it --> OT1/lmr/m/it on input line 33.
LaTeX Font Info:    Overwriting math alphabet `\mathtt' in version `normal'
(Font)                  OT1/cmtt/m/n --> OT1/lmtt/m/n on input line 34.
LaTeX Font Info:    Overwriting math alphabet `\mathbf' in version `bold'
(Font)                  OT1/cmr/bx/n --> OT1/lmr/bx/n on input line 35.
LaTeX Font Info:    Overwriting math alphabet `\mathsf' in version `bold'
(Font)                  OT1/cmss/bx/n --> OT1/lmss/bx/n on input line 36.
LaTeX Font Info:    Overwriting math alphabet `\mathit' in version `bold'
(Font)                  OT1/cmr/bx/it --> OT1/lmr/bx/it on input line 37.
LaTeX Font Info:    Overwriting math alphabet `\mathtt' in version `bold'
(Font)                  OT1/cmtt/m/n --> OT1/lmtt/m/n on input line 38.
) (/usr/local/texlive/texmf-dist/tex/latex/amsfonts/amssymb.sty
Package: amssymb 2013/01/14 v3.01 AMS font symbols
(/usr/local/texlive/texmf-dist/tex/latex/amsfonts/amsfonts.sty
Package: amsfonts 2013/01/14 v3.01 Basic AMSFonts support
\@emptytoks=\toks15
\symAMSa=\mathgroup4
\symAMSb=\mathgroup5
LaTeX Font Info:    Redeclaring math symbol \hbar on input line 98.
LaTeX Font Info:    Overwriting math alphabet `\mathfrak' in version `bold'
(Font)                  U/euf/m/n --> U/euf/b/n on input line 106.
)) (/usr/local/texlive/texmf-dist/tex/latex/amsmath/amsmath.sty
Package: amsmath 2020/01/20 v2.17e AMS math features
\@mathmargin=\skip49
For additional information on amsmath, use the `?' option.
(/usr/local/texlive/texmf-dist/tex/latex/amsmath/amstext.sty
Package: amstext 2000/06/29 v2.01 AMS text
(/usr/local/texlive/texmf-dist/tex/latex/amsmath/amsgen.sty
File: amsgen.sty 1999/11/30 v2.0 generic functions
\@emptytoks=\toks16
\ex@=\dimen135
)) (/usr/local/texlive/texmf-dist/tex/latex/amsmath/amsbsy.sty
Package: amsbsy 1999/11/29 v1.2d Bold Symbols
\pmbraise@=\dimen136
) (/usr/local/texlive/texmf-dist/tex/latex/amsmath/amsopn.sty
Package: amsopn 2016/03/08 v2.02 operator names
)
\inf@bad=\count176
LaTeX Info: Redefining \frac on input line 227.
\uproot@=\count177
\leftroot@=\count178
LaTeX Info: Redefining \overline on input line 389.
\classnum@=\count179
\DOTSCASE@=\count180
LaTeX Info: Redefining \ldots on input line 486.
LaTeX Info: Redefining \dots on input line 489.
LaTeX Info: Redefining \cdots on input line 610.
\Mathstrutbox@=\box45
\strutbox@=\box46
\big@size=\dimen137
LaTeX Font Info:    Redeclaring font encoding OML on input line 733.
LaTeX Font Info:    Redeclaring font encoding OMS on input line 734.
\macc@depth=\count181
\c@MaxMatrixCols=\count182
\dotsspace@=\muskip16
\c@parentequation=\count183
\dspbrk@lvl=\count184
\tag@help=\toks17
\row@=\count185
\column@=\count186
\maxfields@=\count187
\andhelp@=\toks18
\eqnshift@=\dimen138
\alignsep@=\dimen139
\tagshift@=\dimen140
\tagwidth@=\dimen141
\totwidth@=\dimen142
\lineht@=\dimen143
\@envbody=\toks19
\multlinegap=\skip50
\multlinetaggap=\skip51
\mathdisplay@stack=\toks20
LaTeX Info: Redefining \[ on input line 2859.
LaTeX Info: Redefining \] on input line 2860.
) (/usr/local/texlive/texmf-dist/tex/generic/iftex/ifxetex.sty
Package: ifxetex 2019/10/25 v0.7 ifxetex legacy package. Use iftex instead.
(/usr/local/texlive/texmf-dist/tex/generic/iftex/iftex.sty
Package: iftex 2020/03/06 v1.0d TeX engine tests
)) (/usr/local/texlive/texmf-dist/tex/generic/iftex/ifluatex.sty
Package: ifluatex 2019/10/25 v1.5 ifluatex legacy package. Use iftex instead.
) (/usr/local/texlive/texmf-dist/tex/latex/base/fontenc.sty
Package: fontenc 2020/02/11 v2.0o Standard LaTeX package
LaTeX Font Info:    Trying to load font information for T1+lmr on input line 11
2.
(/usr/local/texlive/texmf-dist/tex/latex/lm/t1lmr.fd
File: t1lmr.fd 2009/10/30 v1.6 Font defs for Latin Modern
)) (/usr/local/texlive/texmf-dist/tex/latex/base/inputenc.sty
Package: inputenc 2018/08/11 v1.3c Input encoding file
\inpenc@prehook=\toks21
\inpenc@posthook=\toks22
) (/usr/local/texlive/texmf-dist/tex/latex/base/textcomp.sty
Package: textcomp 2020/02/02 v2.0n Standard LaTeX package
) (/usr/local/texlive/texmf-dist/tex/latex/parskip/parskip.sty
Package: parskip 2020-06-15 v2.0f non-zero parskip adjustments
(/usr/local/texlive/texmf-dist/tex/latex/kvoptions/kvoptions.sty
Package: kvoptions 2019/11/29 v3.13 Key value format for package options (HO)
(/usr/local/texlive/texmf-dist/tex/latex/graphics/keyval.sty
Package: keyval 2014/10/28 v1.15 key=value parser (DPC)
\KV@toks@=\toks23
) (/usr/local/texlive/texmf-dist/tex/generic/ltxcmds/ltxcmds.sty
Package: ltxcmds 2019/12/15 v1.24 LaTeX kernel commands for general use (HO)
) (/usr/local/texlive/texmf-dist/tex/generic/kvsetkeys/kvsetkeys.sty
Package: kvsetkeys 2019/12/15 v1.18 Key value parser (HO)
)) (/usr/local/texlive/texmf-dist/tex/latex/etoolbox/etoolbox.sty
Package: etoolbox 2020/08/24 v2.5j e-TeX tools for LaTeX (JAW)
\etb@tempcnta=\count188
)) (/usr/local/texlive/texmf-dist/tex/latex/xcolor/xcolor.sty
Package: xcolor 2016/05/11 v2.12 LaTeX color extensions (UK)
(/usr/local/texlive/texmf-dist/tex/latex/graphics-cfg/color.cfg
File: color.cfg 2016/01/02 v1.6 sample color configuration
)
Package xcolor Info: Driver file: pdftex.def on input line 225.
(/usr/local/texlive/texmf-dist/tex/latex/graphics-def/pdftex.def
File: pdftex.def 2018/01/08 v1.0l Graphics/color driver for pdftex
)
Package xcolor Info: Model `cmy' substituted by `cmy0' on input line 1348.
Package xcolor Info: Model `hsb' substituted by `rgb' on input line 1352.
Package xcolor Info: Model `RGB' extended on input line 1364.
Package xcolor Info: Model `HTML' substituted by `rgb' on input line 1366.
Package xcolor Info: Model `Hsb' substituted by `hsb' on input line 1367.
Package xcolor Info: Model `tHsb' substituted by `hsb' on input line 1368.
Package xcolor Info: Model `HSB' substituted by `hsb' on input line 1369.
Package xcolor Info: Model `Gray' substituted by `gray' on input line 1370.
Package xcolor Info: Model `wave' substituted by `hsb' on input line 1371.
(/usr/local/texlive/texmf-dist/tex/latex/graphics/dvipsnam.def
File: dvipsnam.def 2016/06/17 v3.0m Driver-dependent file (DPC,SPQR)
) (/usr/local/texlive/texmf-dist/tex/latex/xcolor/svgnam.def
File: svgnam.def 2016/05/11 v2.12 Predefined colors according to SVG 1.1 (UK)
) (/usr/local/texlive/texmf-dist/tex/latex/xcolor/x11nam.def
File: x11nam.def 2016/05/11 v2.12 Predefined colors according to Unix/X11 (UK)
)) (/usr/local/texlive/texmf-dist/tex/latex/hyperref/hyperref.sty
Package: hyperref 2020-05-15 v7.00e Hypertext links for LaTeX
(/usr/local/texlive/texmf-dist/tex/generic/pdftexcmds/pdftexcmds.sty
Package: pdftexcmds 2020-06-27 v0.33 Utility functions of pdfTeX for LuaTeX (HO
)
(/usr/local/texlive/texmf-dist/tex/generic/infwarerr/infwarerr.sty
Package: infwarerr 2019/12/03 v1.5 Providing info/warning/error messages (HO)
)
Package pdftexcmds Info: \pdf@primitive is available.
Package pdftexcmds Info: \pdf@ifprimitive is available.
Package pdftexcmds Info: \pdfdraftmode found.
) (/usr/local/texlive/texmf-dist/tex/generic/kvdefinekeys/kvdefinekeys.sty
Package: kvdefinekeys 2019-12-19 v1.6 Define keys (HO)
) (/usr/local/texlive/texmf-dist/tex/generic/pdfescape/pdfescape.sty
Package: pdfescape 2019/12/09 v1.15 Implements pdfTeX's escape features (HO)
) (/usr/local/texlive/texmf-dist/tex/latex/hycolor/hycolor.sty
Package: hycolor 2020-01-27 v1.10 Color options for hyperref/bookmark (HO)
) (/usr/local/texlive/texmf-dist/tex/latex/letltxmacro/letltxmacro.sty
Package: letltxmacro 2019/12/03 v1.6 Let assignment for LaTeX macros (HO)
) (/usr/local/texlive/texmf-dist/tex/latex/auxhook/auxhook.sty
Package: auxhook 2019-12-17 v1.6 Hooks for auxiliary files (HO)
)
\@linkdim=\dimen144
\Hy@linkcounter=\count189
\Hy@pagecounter=\count190
(/usr/local/texlive/texmf-dist/tex/latex/hyperref/pd1enc.def
File: pd1enc.def 2020-05-15 v7.00e Hyperref: PDFDocEncoding definition (HO)
Now handling font encoding PD1 ...
... no UTF-8 mapping file for font encoding PD1
) (/usr/local/texlive/texmf-dist/tex/generic/intcalc/intcalc.sty
Package: intcalc 2019/12/15 v1.3 Expandable calculations with integers (HO)
) (/usr/local/texlive/texmf-dist/tex/generic/etexcmds/etexcmds.sty
Package: etexcmds 2019/12/15 v1.7 Avoid name clashes with e-TeX commands (HO)
)
\Hy@SavedSpaceFactor=\count191
Package hyperref Info: Option `unicode' set `true' on input line 4338.
(/usr/local/texlive/texmf-dist/tex/latex/hyperref/puenc.def
File: puenc.def 2020-05-15 v7.00e Hyperref: PDF Unicode definition (HO)
Now handling font encoding PU ...
... no UTF-8 mapping file for font encoding PU
)
Package hyperref Info: Hyper figures OFF on input line 4464.
Package hyperref Info: Link nesting OFF on input line 4469.
Package hyperref Info: Hyper index ON on input line 4472.
Package hyperref Info: Plain pages OFF on input line 4479.
Package hyperref Info: Backreferencing OFF on input line 4484.
Package hyperref Info: Implicit mode ON; LaTeX internals redefined.
Package hyperref Info: Bookmarks ON on input line 4717.
\c@Hy@tempcnt=\count192
(/usr/local/texlive/texmf-dist/tex/latex/url/url.sty
\Urlmuskip=\muskip17
Package: url 2013/09/16  ver 3.4  Verb mode for urls, etc.
)
LaTeX Info: Redefining \url on input line 5076.
\XeTeXLinkMargin=\dimen145
(/usr/local/texlive/texmf-dist/tex/generic/bitset/bitset.sty
Package: bitset 2019/12/09 v1.3 Handle bit-vector datatype (HO)
(/usr/local/texlive/texmf-dist/tex/generic/bigintcalc/bigintcalc.sty
Package: bigintcalc 2019/12/15 v1.5 Expandable calculations on big integers (HO
)
))
\Fld@menulength=\count193
\Field@Width=\dimen146
\Fld@charsize=\dimen147
Package hyperref Info: Hyper figures OFF on input line 6347.
Package hyperref Info: Link nesting OFF on input line 6352.
Package hyperref Info: Hyper index ON on input line 6355.
Package hyperref Info: backreferencing OFF on input line 6362.
Package hyperref Info: Link coloring OFF on input line 6367.
Package hyperref Info: Link coloring with OCG OFF on input line 6372.
Package hyperref Info: PDF/A mode OFF on input line 6377.
LaTeX Info: Redefining \ref on input line 6417.
LaTeX Info: Redefining \pageref on input line 6421.
(/usr/local/texlive/texmf-dist/tex/generic/atbegshi/atbegshi.sty
Package: atbegshi 2019/12/05 v1.19 At begin shipout hook (HO)
)
\Hy@abspage=\count194
\c@Item=\count195
\c@Hfootnote=\count196
)
Package hyperref Info: Driver (autodetected): hpdftex.
(/usr/local/texlive/texmf-dist/tex/latex/hyperref/hpdftex.def
File: hpdftex.def 2020-05-15 v7.00e Hyperref driver for pdfTeX
(/usr/local/texlive/texmf-dist/tex/latex/atveryend/atveryend.sty
Package: atveryend 2019-12-11 v1.11 Hooks at the very end of document (HO)
)
\Fld@listcount=\count197
\c@bookmark@seq@number=\count198
(/usr/local/texlive/texmf-dist/tex/latex/rerunfilecheck/rerunfilecheck.sty
Package: rerunfilecheck 2019/12/05 v1.9 Rerun checks for auxiliary files (HO)
(/usr/local/texlive/texmf-dist/tex/generic/uniquecounter/uniquecounter.sty
Package: uniquecounter 2019/12/15 v1.4 Provide unlimited unique counter (HO)
)
Package uniquecounter Info: New unique counter `rerunfilecheck' on input line 2
86.
)
\Hy@SectionHShift=\skip52
)
Package hyperref Info: Option `colorlinks' set `true' on input line 47.
(/usr/local/texlive/texmf-dist/tex/latex/geometry/geometry.sty
Package: geometry 2020/01/02 v5.9 Page Geometry
(/usr/local/texlive/texmf-dist/tex/generic/iftex/ifvtex.sty
Package: ifvtex 2019/10/25 v1.7 ifvtex legacy package. Use iftex instead.
)
\Gm@cnth=\count199
\Gm@cntv=\count266
\c@Gm@tempcnt=\count267
\Gm@bindingoffset=\dimen148
\Gm@wd@mp=\dimen149
\Gm@odd@mp=\dimen150
\Gm@even@mp=\dimen151
\Gm@layoutwidth=\dimen152
\Gm@layoutheight=\dimen153
\Gm@layouthoffset=\dimen154
\Gm@layoutvoffset=\dimen155
\Gm@dimlist=\toks24
) (/usr/local/texlive/texmf-dist/tex/latex/fancyvrb/fancyvrb.sty
Package: fancyvrb 2020/05/03 v3.6 verbatim text (tvz,hv)
\FV@CodeLineNo=\count268
\FV@InFile=\read2
\FV@TabBox=\box47
\c@FancyVerbLine=\count269
\FV@StepNumber=\count270
\FV@OutFile=\write3
) (/usr/local/texlive/texmf-dist/tex/latex/framed/framed.sty
Package: framed 2011/10/22 v 0.96: framed or shaded text with page breaks
\OuterFrameSep=\skip53
\fb@frw=\dimen156
\fb@frh=\dimen157
\FrameRule=\dimen158
\FrameSep=\dimen159
) (/usr/local/texlive/texmf-dist/tex/latex/graphics/graphicx.sty
Package: graphicx 2019/11/30 v1.2a Enhanced LaTeX Graphics (DPC,SPQR)
(/usr/local/texlive/texmf-dist/tex/latex/graphics/graphics.sty
Package: graphics 2019/11/30 v1.4a Standard LaTeX Graphics (DPC,SPQR)
(/usr/local/texlive/texmf-dist/tex/latex/graphics/trig.sty
Package: trig 2016/01/03 v1.10 sin cos tan (DPC)
) (/usr/local/texlive/texmf-dist/tex/latex/graphics-cfg/graphics.cfg
File: graphics.cfg 2016/06/04 v1.11 sample graphics configuration
)
Package graphics Info: Driver file: pdftex.def on input line 105.
)
\Gin@req@height=\dimen160
\Gin@req@width=\dimen161
) (/usr/local/texlive/texmf-dist/tex/latex/grffile/grffile.sty
Package: grffile 2019/11/11 v2.1 Extended file name support for graphics (legac
y)
Package grffile Info: This package is an empty stub for compatibility on input 
line 40.
) (/usr/local/texlive/texmf-dist/tex/latex/l3backend/l3backend-pdfmode.def
File: l3backend-pdfmode.def 2020-06-29 L3 backend support: PDF mode
\l__kernel_color_stack_int=\count271
\l__pdf_internal_box=\box48
) (./324_P_Regression.aux

LaTeX Warning: Label `' multiply defined.

)
\openout1 = `324_P_Regression.aux'.

LaTeX Font Info:    Checking defaults for OML/cmm/m/it on input line 112.
LaTeX Font Info:    ... okay on input line 112.
LaTeX Font Info:    Checking defaults for OMS/cmsy/m/n on input line 112.
LaTeX Font Info:    ... okay on input line 112.
LaTeX Font Info:    Checking defaults for OT1/cmr/m/n on input line 112.
LaTeX Font Info:    ... okay on input line 112.
LaTeX Font Info:    Checking defaults for T1/cmr/m/n on input line 112.
LaTeX Font Info:    ... okay on input line 112.
LaTeX Font Info:    Checking defaults for TS1/cmr/m/n on input line 112.
LaTeX Font Info:    ... okay on input line 112.
LaTeX Font Info:    Checking defaults for OMX/cmex/m/n on input line 112.
LaTeX Font Info:    ... okay on input line 112.
LaTeX Font Info:    Checking defaults for U/cmr/m/n on input line 112.
LaTeX Font Info:    ... okay on input line 112.
LaTeX Font Info:    Checking defaults for PD1/pdf/m/n on input line 112.
LaTeX Font Info:    ... okay on input line 112.
LaTeX Font Info:    Checking defaults for PU/pdf/m/n on input line 112.
LaTeX Font Info:    ... okay on input line 112.
(/usr/local/texlive/texmf-dist/tex/context/base/mkii/supp-pdf.mkii
[Loading MPS to PDF converter (version 2006.09.02).]
\scratchcounter=\count272
\scratchdimen=\dimen162
\scratchbox=\box49
\nofMPsegments=\count273
\nofMParguments=\count274
\everyMPshowfont=\toks25
\MPscratchCnt=\count275
\MPscratchDim=\dimen163
\MPnumerator=\count276
\makeMPintoPDFobject=\count277
\everyMPtoPDFconversion=\toks26
) (/usr/local/texlive/texmf-dist/tex/latex/epstopdf-pkg/epstopdf-base.sty
Package: epstopdf-base 2020-01-24 v2.11 Base part for package epstopdf
Package epstopdf-base Info: Redefining graphics rule for `.eps' on input line 4
85.
(/usr/local/texlive/texmf-dist/tex/latex/latexconfig/epstopdf-sys.cfg
File: epstopdf-sys.cfg 2010/07/13 v1.3 Configuration of (r)epstopdf for TeX Liv
e
))
\AtBeginShipoutBox=\box50
Package hyperref Info: Link coloring ON on input line 112.
(/usr/local/texlive/texmf-dist/tex/latex/hyperref/nameref.sty
Package: nameref 2019/09/16 v2.46 Cross-referencing by name of section
(/usr/local/texlive/texmf-dist/tex/latex/refcount/refcount.sty
Package: refcount 2019/12/15 v3.6 Data extraction from label references (HO)
) (/usr/local/texlive/texmf-dist/tex/generic/gettitlestring/gettitlestring.sty
Package: gettitlestring 2019/12/15 v1.6 Cleanup title references (HO)
)
\c@section@level=\count278
)
LaTeX Info: Redefining \ref on input line 112.
LaTeX Info: Redefining \pageref on input line 112.
LaTeX Info: Redefining \nameref on input line 112.
(./324_P_Regression.out) (./324_P_Regression.out)
\@outlinefile=\write4
\openout4 = `324_P_Regression.out'.

*geometry* driver: auto-detecting
*geometry* detected driver: pdftex
*geometry* verbose mode - [ preamble ] result:
* driver: pdftex
* paper: <default>
* layout: <same size as paper>
* layoutoffset:(h,v)=(0.0pt,0.0pt)
* modes: 
* h-part:(L,W,R)=(72.26999pt, 469.75502pt, 72.26999pt)
* v-part:(T,H,B)=(72.26999pt, 650.43001pt, 72.26999pt)
* \paperwidth=614.295pt
* \paperheight=794.96999pt
* \textwidth=469.75502pt
* \textheight=650.43001pt
* \oddsidemargin=0.0pt
* \evensidemargin=0.0pt
* \topmargin=-37.0pt
* \headheight=12.0pt
* \headsep=25.0pt
* \topskip=10.0pt
* \footskip=30.0pt
* \marginparwidth=65.0pt
* \marginparsep=11.0pt
* \columnsep=10.0pt
* \skip\footins=9.0pt plus 4.0pt minus 2.0pt
* \hoffset=0.0pt
* \voffset=0.0pt
* \mag=1000
* \@twocolumnfalse
* \@twosidefalse
* \@mparswitchfalse
* \@reversemarginfalse
* (1in=72.27pt=25.4mm, 1cm=28.453pt)

LaTeX Font Info:    Trying to load font information for OT1+lmr on input line 1
14.
(/usr/local/texlive/texmf-dist/tex/latex/lm/ot1lmr.fd
File: ot1lmr.fd 2009/10/30 v1.6 Font defs for Latin Modern
)
LaTeX Font Info:    Trying to load font information for OML+lmm on input line 1
14.
(/usr/local/texlive/texmf-dist/tex/latex/lm/omllmm.fd
File: omllmm.fd 2009/10/30 v1.6 Font defs for Latin Modern
)
LaTeX Font Info:    Trying to load font information for OMS+lmsy on input line 
114.
(/usr/local/texlive/texmf-dist/tex/latex/lm/omslmsy.fd
File: omslmsy.fd 2009/10/30 v1.6 Font defs for Latin Modern
)
LaTeX Font Info:    Trying to load font information for OMX+lmex on input line 
114.
(/usr/local/texlive/texmf-dist/tex/latex/lm/omxlmex.fd
File: omxlmex.fd 2009/10/30 v1.6 Font defs for Latin Modern
)
LaTeX Font Info:    External font `lmex10' loaded for size
(Font)              <12> on input line 114.
LaTeX Font Info:    External font `lmex10' loaded for size
(Font)              <8> on input line 114.
LaTeX Font Info:    External font `lmex10' loaded for size
(Font)              <6> on input line 114.
LaTeX Font Info:    Trying to load font information for U+msa on input line 114
.
(/usr/local/texlive/texmf-dist/tex/latex/amsfonts/umsa.fd
File: umsa.fd 2013/01/14 v3.01 AMS symbols A
)
LaTeX Font Info:    Trying to load font information for U+msb on input line 114
.
(/usr/local/texlive/texmf-dist/tex/latex/amsfonts/umsb.fd
File: umsb.fd 2013/01/14 v3.01 AMS symbols B
)
LaTeX Font Info:    Trying to load font information for T1+lmtt on input line 1
38.
(/usr/local/texlive/texmf-dist/tex/latex/lm/t1lmtt.fd
File: t1lmtt.fd 2009/10/30 v1.6 Font defs for Latin Modern
)
LaTeX Font Info:    Font shape `T1/lmtt/bx/n' in size <10> not available
(Font)              Font shape `T1/lmtt/b/n' tried instead on input line 139.
LaTeX Font Info:    Trying to load font information for TS1+lmr on input line 2
05.
(/usr/local/texlive/texmf-dist/tex/latex/lm/ts1lmr.fd
File: ts1lmr.fd 2009/10/30 v1.6 Font defs for Latin Modern
) [1

{/opt/texlive/texmf-var/fonts/map/pdftex/updmap/pdftex.map}]
</home/rstudio/granolarr/docs/practicals/pdf/324_P_Regression_files/figure-late
x/unnamed-chunk-4-1.pdf, id=73, 279.0425pt x 279.0425pt>
File: /home/rstudio/granolarr/docs/practicals/pdf/324_P_Regression_files/figure
-latex/unnamed-chunk-4-1.pdf Graphic file (type pdf)
<use /home/rstudio/granolarr/docs/practicals/pdf/324_P_Regression_files/figure-
latex/unnamed-chunk-4-1.pdf>
Package pdftex.def Info: /home/rstudio/granolarr/docs/practicals/pdf/324_P_Regr
ession_files/figure-latex/unnamed-chunk-4-1.pdf  used on input line 245.
(pdftex.def)             Requested size: 279.05032pt x 279.05032pt.
[2 </home/rstudio/granolarr/docs/practicals/pdf/324_P_Regression_files/figure-l
atex/unnamed-chunk-4-1.pdf>] [3]
<images/ANOVA_output_annotated.png, id=91, 473.77pt x 107.40125pt>
File: images/ANOVA_output_annotated.png Graphic file (type png)
<use images/ANOVA_output_annotated.png>
Package pdftex.def Info: images/ANOVA_output_annotated.png  used on input line 
332.
(pdftex.def)             Requested size: 328.83907pt x 74.54613pt.
LaTeX Font Info:    External font `lmex10' loaded for size
(Font)              <10> on input line 339.
LaTeX Font Info:    External font `lmex10' loaded for size
(Font)              <7> on input line 339.
LaTeX Font Info:    External font `lmex10' loaded for size
(Font)              <5> on input line 339.
</home/rstudio/granolarr/docs/practicals/pdf/324_P_Regression_files/figure-late
x/unnamed-chunk-9-1.pdf, id=93, 202.7575pt x 206.7725pt>
File: /home/rstudio/granolarr/docs/practicals/pdf/324_P_Regression_files/figure
-latex/unnamed-chunk-9-1.pdf Graphic file (type pdf)
<use /home/rstudio/granolarr/docs/practicals/pdf/324_P_Regression_files/figure-
latex/unnamed-chunk-9-1.pdf>
Package pdftex.def Info: /home/rstudio/granolarr/docs/practicals/pdf/324_P_Regr
ession_files/figure-latex/unnamed-chunk-9-1.pdf  used on input line 397.
(pdftex.def)             Requested size: 202.76318pt x 206.77829pt.
[4 <./images/ANOVA_output_annotated.png>] [5 </home/rstudio/granolarr/docs/prac
ticals/pdf/324_P_Regression_files/figure-latex/unnamed-chunk-9-1.pdf>]
<images/Regression_output_annotated.png, id=119, 468.75125pt x 305.14pt>
File: images/Regression_output_annotated.png Graphic file (type png)
<use images/Regression_output_annotated.png>
Package pdftex.def Info: images/Regression_output_annotated.png  used on input 
line 450.
(pdftex.def)             Requested size: 328.82457pt x 214.05283pt.
</home/rstudio/granolarr/docs/practicals/pdf/324_P_Regression_files/figure-late
x/unnamed-chunk-11-1.pdf, id=120, 137.51375pt x 135.50626pt>
File: /home/rstudio/granolarr/docs/practicals/pdf/324_P_Regression_files/figure
-latex/unnamed-chunk-11-1.pdf Graphic file (type pdf)
<use /home/rstudio/granolarr/docs/practicals/pdf/324_P_Regression_files/figure-
latex/unnamed-chunk-11-1.pdf>
Package pdftex.def Info: /home/rstudio/granolarr/docs/practicals/pdf/324_P_Regr
ession_files/figure-latex/unnamed-chunk-11-1.pdf  used on input line 493.
(pdftex.def)             Requested size: 137.51761pt x 135.51004pt.
[6 <./images/Regression_output_annotated.png> </home/rstudio/granolarr/docs/pra
cticals/pdf/324_P_Regression_files/figure-latex/unnamed-chunk-11-1.pdf>]
</home/rstudio/granolarr/docs/practicals/pdf/324_P_Regression_files/figure-late
x/unnamed-chunk-13-1.pdf, id=136, 279.0425pt x 134.5025pt>
File: /home/rstudio/granolarr/docs/practicals/pdf/324_P_Regression_files/figure
-latex/unnamed-chunk-13-1.pdf Graphic file (type pdf)
<use /home/rstudio/granolarr/docs/practicals/pdf/324_P_Regression_files/figure-
latex/unnamed-chunk-13-1.pdf>
Package pdftex.def Info: /home/rstudio/granolarr/docs/practicals/pdf/324_P_Regr
ession_files/figure-latex/unnamed-chunk-13-1.pdf  used on input line 524.
(pdftex.def)             Requested size: 279.04607pt x 134.5042pt.
[7 </home/rstudio/granolarr/docs/practicals/pdf/324_P_Regression_files/figure-l
atex/unnamed-chunk-13-1.pdf>]
</home/rstudio/granolarr/docs/practicals/pdf/324_P_Regression_files/figure-late
x/unnamed-chunk-16-1.pdf, id=156, 187.70125pt x 173.64874pt>
File: /home/rstudio/granolarr/docs/practicals/pdf/324_P_Regression_files/figure
-latex/unnamed-chunk-16-1.pdf Graphic file (type pdf)
<use /home/rstudio/granolarr/docs/practicals/pdf/324_P_Regression_files/figure-
latex/unnamed-chunk-16-1.pdf>
Package pdftex.def Info: /home/rstudio/granolarr/docs/practicals/pdf/324_P_Regr
ession_files/figure-latex/unnamed-chunk-16-1.pdf  used on input line 596.
(pdftex.def)             Requested size: 187.70651pt x 173.65361pt.
</home/rstudio/granolarr/docs/practicals/pdf/324_P_Regression_files/figure-late
x/unnamed-chunk-16-2.pdf, id=157, 194.7275pt x 176.66pt>
File: /home/rstudio/granolarr/docs/practicals/pdf/324_P_Regression_files/figure
-latex/unnamed-chunk-16-2.pdf Graphic file (type pdf)
<use /home/rstudio/granolarr/docs/practicals/pdf/324_P_Regression_files/figure-
latex/unnamed-chunk-16-2.pdf>
Package pdftex.def Info: /home/rstudio/granolarr/docs/practicals/pdf/324_P_Regr
ession_files/figure-latex/unnamed-chunk-16-2.pdf  used on input line 597.
(pdftex.def)             Requested size: 194.72997pt x 176.66225pt.
</home/rstudio/granolarr/docs/practicals/pdf/324_P_Regression_files/figure-late
x/unnamed-chunk-16-3.pdf, id=158, 191.71625pt x 181.67876pt>
File: /home/rstudio/granolarr/docs/practicals/pdf/324_P_Regression_files/figure
-latex/unnamed-chunk-16-3.pdf Graphic file (type pdf)
<use /home/rstudio/granolarr/docs/practicals/pdf/324_P_Regression_files/figure-
latex/unnamed-chunk-16-3.pdf>
Package pdftex.def Info: /home/rstudio/granolarr/docs/practicals/pdf/324_P_Regr
ession_files/figure-latex/unnamed-chunk-16-3.pdf  used on input line 598.
(pdftex.def)             Requested size: 191.72162pt x 181.68384pt.
</home/rstudio/granolarr/docs/practicals/pdf/324_P_Regression_files/figure-late
x/unnamed-chunk-16-4.pdf, id=159, 202.7575pt x 176.66pt>
File: /home/rstudio/granolarr/docs/practicals/pdf/324_P_Regression_files/figure
-latex/unnamed-chunk-16-4.pdf Graphic file (type pdf)
<use /home/rstudio/granolarr/docs/practicals/pdf/324_P_Regression_files/figure-
latex/unnamed-chunk-16-4.pdf>
Package pdftex.def Info: /home/rstudio/granolarr/docs/practicals/pdf/324_P_Regr
ession_files/figure-latex/unnamed-chunk-16-4.pdf  used on input line 599.
(pdftex.def)             Requested size: 202.76009pt x 176.66225pt.

Overfull \hbox (108.8475pt too wide) in paragraph at lines 596--600
[][] [] []
 []

[8 </home/rstudio/granolarr/docs/practicals/pdf/324_P_Regression_files/figure-l
atex/unnamed-chunk-16-1.pdf> </home/rstudio/granolarr/docs/practicals/pdf/324_P
_Regression_files/figure-latex/unnamed-chunk-16-2.pdf> </home/rstudio/granolarr
/docs/practicals/pdf/324_P_Regression_files/figure-latex/unnamed-chunk-16-3.pdf
> </home/rstudio/granolarr/docs/practicals/pdf/324_P_Regression_files/figure-la
tex/unnamed-chunk-16-4.pdf>] [9] [10] [11] [12]
Package atveryend Info: Empty hook `BeforeClearDocument' on input line 936.
[13]
Package atveryend Info: Empty hook `AfterLastShipout' on input line 936.
(./324_P_Regression.aux)
Package atveryend Info: Executing hook `AtVeryEndDocument' on input line 936.
Package atveryend Info: Executing hook `AtEndAfterFileList' on input line 936.
Package rerunfilecheck Info: File `324_P_Regression.out' has not changed.
(rerunfilecheck)             Checksum: 8549A7B8968707204FEB3CF62E8A1E5F;1302.

LaTeX Warning: There were multiply-defined labels.

 ) 
Here is how much of TeX's memory you used:
 11780 strings out of 482854
 170117 string characters out of 5956822
 441492 words of memory out of 5000000
 26858 multiletter control sequences out of 15000+600000
 591930 words of font info for 74 fonts, out of 8000000 for 9000
 14 hyphenation exceptions out of 8191
 43i,10n,37p,859b,461s stack positions out of 5000i,500n,10000p,200000b,80000s
{/usr/local/texlive/texmf-dist/fonts/enc/dvips/lm/lm-mathsy.enc}{/usr/local/t
exlive/texmf-dist/fonts/enc/dvips/lm/lm-ec.enc}{/usr/local/texlive/texmf-dist/f
onts/enc/dvips/lm/lm-mathex.enc}{/usr/local/texlive/texmf-dist/fonts/enc/dvips/
lm/lm-rm.enc}{/usr/local/texlive/texmf-dist/fonts/enc/dvips/lm/lm-mathit.enc}{/
usr/local/texlive/texmf-dist/fonts/enc/dvips/lm/lm-ts1.enc}</usr/local/texlive/
texmf-dist/fonts/type1/public/lm/lmbx10.pfb></usr/local/texlive/texmf-dist/font
s/type1/public/lm/lmbx12.pfb></usr/local/texlive/texmf-dist/fonts/type1/public/
lm/lmex10.pfb></usr/local/texlive/texmf-dist/fonts/type1/public/lm/lmmi10.pfb><
/usr/local/texlive/texmf-dist/fonts/type1/public/lm/lmmi7.pfb></usr/local/texli
ve/texmf-dist/fonts/type1/public/lm/lmr10.pfb></usr/local/texlive/texmf-dist/fo
nts/type1/public/lm/lmr12.pfb></usr/local/texlive/texmf-dist/fonts/type1/public
/lm/lmr17.pfb></usr/local/texlive/texmf-dist/fonts/type1/public/lm/lmr7.pfb></u
sr/local/texlive/texmf-dist/fonts/type1/public/lm/lmri10.pfb></usr/local/texliv
e/texmf-dist/fonts/type1/public/lm/lmsy10.pfb></usr/local/texlive/texmf-dist/fo
nts/type1/public/lm/lmsy7.pfb></usr/local/texlive/texmf-dist/fonts/type1/public
/lm/lmtk10.pfb></usr/local/texlive/texmf-dist/fonts/type1/public/lm/lmtt10.pfb>
</usr/local/texlive/texmf-dist/fonts/type1/public/lm/lmtti10.pfb>
Output written on 324_P_Regression.pdf (13 pages, 647775 bytes).
PDF statistics:
 293 PDF objects out of 1000 (max. 8388607)
 232 compressed objects within 3 object streams
 46 named destinations out of 1000 (max. 500000)
 139 words of extra memory for PDF output out of 10000 (max. 10000000)

