This is XeTeX, Version 3.14159265-2.6-0.999992 (TeX Live 2020) (preloaded format=xelatex 2020.8.27)  7 SEP 2020 09:49
entering extended mode
 restricted \write18 enabled.
 %&-line parsing enabled.
**_main.tex
(./_main.tex
LaTeX2e <2020-02-02> patch level 5
L3 programming layer <2020-08-07> (/Users/sds27/Library/TinyTeX/texmf-dist/tex/
latex/base/book.cls
Document Class: book 2019/12/20 v1.4l Standard LaTeX document class
(/Users/sds27/Library/TinyTeX/texmf-dist/tex/latex/base/bk10.clo
File: bk10.clo 2019/12/20 v1.4l Standard LaTeX file (size option)
)
\c@part=\count164
\c@chapter=\count165
\c@section=\count166
\c@subsection=\count167
\c@subsubsection=\count168
\c@paragraph=\count169
\c@subparagraph=\count170
\c@figure=\count171
\c@table=\count172
\abovecaptionskip=\skip47
\belowcaptionskip=\skip48
\bibindent=\dimen134
) (/Users/sds27/Library/TinyTeX/texmf-dist/tex/latex/lm/lmodern.sty
Package: lmodern 2009/10/30 v1.6 Latin Modern Fonts
LaTeX Font Info:    Overwriting symbol font `operators' in version `normal'
(Font)                  OT1/cmr/m/n --> OT1/lmr/m/n on input line 22.
LaTeX Font Info:    Overwriting symbol font `letters' in version `normal'
(Font)                  OML/cmm/m/it --> OML/lmm/m/it on input line 23.
LaTeX Font Info:    Overwriting symbol font `symbols' in version `normal'
(Font)                  OMS/cmsy/m/n --> OMS/lmsy/m/n on input line 24.
LaTeX Font Info:    Overwriting symbol font `largesymbols' in version `normal'
(Font)                  OMX/cmex/m/n --> OMX/lmex/m/n on input line 25.
LaTeX Font Info:    Overwriting symbol font `operators' in version `bold'
(Font)                  OT1/cmr/bx/n --> OT1/lmr/bx/n on input line 26.
LaTeX Font Info:    Overwriting symbol font `letters' in version `bold'
(Font)                  OML/cmm/b/it --> OML/lmm/b/it on input line 27.
LaTeX Font Info:    Overwriting symbol font `symbols' in version `bold'
(Font)                  OMS/cmsy/b/n --> OMS/lmsy/b/n on input line 28.
LaTeX Font Info:    Overwriting symbol font `largesymbols' in version `bold'
(Font)                  OMX/cmex/m/n --> OMX/lmex/m/n on input line 29.
LaTeX Font Info:    Overwriting math alphabet `\mathbf' in version `normal'
(Font)                  OT1/cmr/bx/n --> OT1/lmr/bx/n on input line 31.
LaTeX Font Info:    Overwriting math alphabet `\mathsf' in version `normal'
(Font)                  OT1/cmss/m/n --> OT1/lmss/m/n on input line 32.
LaTeX Font Info:    Overwriting math alphabet `\mathit' in version `normal'
(Font)                  OT1/cmr/m/it --> OT1/lmr/m/it on input line 33.
LaTeX Font Info:    Overwriting math alphabet `\mathtt' in version `normal'
(Font)                  OT1/cmtt/m/n --> OT1/lmtt/m/n on input line 34.
LaTeX Font Info:    Overwriting math alphabet `\mathbf' in version `bold'
(Font)                  OT1/cmr/bx/n --> OT1/lmr/bx/n on input line 35.
LaTeX Font Info:    Overwriting math alphabet `\mathsf' in version `bold'
(Font)                  OT1/cmss/bx/n --> OT1/lmss/bx/n on input line 36.
LaTeX Font Info:    Overwriting math alphabet `\mathit' in version `bold'
(Font)                  OT1/cmr/bx/it --> OT1/lmr/bx/it on input line 37.
LaTeX Font Info:    Overwriting math alphabet `\mathtt' in version `bold'
(Font)                  OT1/cmtt/m/n --> OT1/lmtt/m/n on input line 38.
) (/Users/sds27/Library/TinyTeX/texmf-dist/tex/latex/amsfonts/amssymb.sty
Package: amssymb 2013/01/14 v3.01 AMS font symbols
(/Users/sds27/Library/TinyTeX/texmf-dist/tex/latex/amsfonts/amsfonts.sty
Package: amsfonts 2013/01/14 v3.01 Basic AMSFonts support
\@emptytoks=\toks15
\symAMSa=\mathgroup4
\symAMSb=\mathgroup5
LaTeX Font Info:    Redeclaring math symbol \hbar on input line 98.
LaTeX Font Info:    Overwriting math alphabet `\mathfrak' in version `bold'
(Font)                  U/euf/m/n --> U/euf/b/n on input line 106.
)) (/Users/sds27/Library/TinyTeX/texmf-dist/tex/latex/amsmath/amsmath.sty
Package: amsmath 2020/01/20 v2.17e AMS math features
\@mathmargin=\skip49
For additional information on amsmath, use the `?' option.
(/Users/sds27/Library/TinyTeX/texmf-dist/tex/latex/amsmath/amstext.sty
Package: amstext 2000/06/29 v2.01 AMS text
(/Users/sds27/Library/TinyTeX/texmf-dist/tex/latex/amsmath/amsgen.sty
File: amsgen.sty 1999/11/30 v2.0 generic functions
\@emptytoks=\toks16
\ex@=\dimen135
)) (/Users/sds27/Library/TinyTeX/texmf-dist/tex/latex/amsmath/amsbsy.sty
Package: amsbsy 1999/11/29 v1.2d Bold Symbols
\pmbraise@=\dimen136
) (/Users/sds27/Library/TinyTeX/texmf-dist/tex/latex/amsmath/amsopn.sty
Package: amsopn 2016/03/08 v2.02 operator names
)
\inf@bad=\count173
LaTeX Info: Redefining \frac on input line 227.
\uproot@=\count174
\leftroot@=\count175
LaTeX Info: Redefining \overline on input line 389.
\classnum@=\count176
\DOTSCASE@=\count177
LaTeX Info: Redefining \ldots on input line 486.
LaTeX Info: Redefining \dots on input line 489.
LaTeX Info: Redefining \cdots on input line 610.
\Mathstrutbox@=\box45
\strutbox@=\box46
\big@size=\dimen137
LaTeX Font Info:    Redeclaring font encoding OML on input line 733.
LaTeX Font Info:    Redeclaring font encoding OMS on input line 734.
\macc@depth=\count178
\c@MaxMatrixCols=\count179
\dotsspace@=\muskip16
\c@parentequation=\count180
\dspbrk@lvl=\count181
\tag@help=\toks17
\row@=\count182
\column@=\count183
\maxfields@=\count184
\andhelp@=\toks18
\eqnshift@=\dimen138
\alignsep@=\dimen139
\tagshift@=\dimen140
\tagwidth@=\dimen141
\totwidth@=\dimen142
\lineht@=\dimen143
\@envbody=\toks19
\multlinegap=\skip50
\multlinetaggap=\skip51
\mathdisplay@stack=\toks20
LaTeX Info: Redefining \[ on input line 2859.
LaTeX Info: Redefining \] on input line 2860.
) (/Users/sds27/Library/TinyTeX/texmf-dist/tex/generic/iftex/ifxetex.sty
Package: ifxetex 2019/10/25 v0.7 ifxetex legacy package. Use iftex instead.
(/Users/sds27/Library/TinyTeX/texmf-dist/tex/generic/iftex/iftex.sty
Package: iftex 2020/03/06 v1.0d TeX engine tests
)) (/Users/sds27/Library/TinyTeX/texmf-dist/tex/generic/iftex/ifluatex.sty
Package: ifluatex 2019/10/25 v1.5 ifluatex legacy package. Use iftex instead.
)
(/Users/sds27/Library/TinyTeX/texmf-dist/tex/latex/unicode-math/unicode-math.st
y (/Users/sds27/Library/TinyTeX/texmf-dist/tex/latex/l3kernel/expl3.sty
Package: expl3 2020-08-07 L3 programming layer (loader) 

(/Users/sds27/Library/TinyTeX/texmf-dist/tex/latex/l3backend/l3backend-xdvipdfm
x.def
File: l3backend-xdvipdfmx.def 2020-08-07 L3 backend support: xdvipdfmx
\g__graphics_track_int=\count185
\l__pdf_internal_box=\box47
\g__pdf_backend_object_int=\count186
\g__pdf_backend_annotation_int=\count187
))
Package: unicode-math 2020/01/31 v0.8q Unicode maths in XeLaTeX and LuaLaTeX

(/Users/sds27/Library/TinyTeX/texmf-dist/tex/latex/unicode-math/unicode-math-xe
tex.sty
Package: unicode-math-xetex 2020/01/31 v0.8q Unicode maths in XeLaTeX and LuaLa
TeX

(/Users/sds27/Library/TinyTeX/texmf-dist/tex/latex/l3packages/xparse/xparse.sty
Package: xparse 2020-05-15 L3 Experimental document command parser

(/Users/sds27/Library/TinyTeX/texmf-dist/tex/latex/l3packages/xparse/xparse-gen
eric.tex
\l__xparse_current_arg_int=\count188
\g__xparse_grabber_int=\count189
\l__xparse_m_args_int=\count190
\l__xparse_v_nesting_int=\count191
))
(/Users/sds27/Library/TinyTeX/texmf-dist/tex/latex/l3packages/l3keys2e/l3keys2e
.sty
Package: l3keys2e 2020-05-15 LaTeX2e option processing using LaTeX3 keys
) (/Users/sds27/Library/TinyTeX/texmf-dist/tex/latex/fontspec/fontspec.sty
Package: fontspec 2020/02/21 v2.7i Font selection for XeLaTeX and LuaLaTeX
(/Users/sds27/Library/TinyTeX/texmf-dist/tex/latex/fontspec/fontspec-xetex.sty
Package: fontspec-xetex 2020/02/21 v2.7i Font selection for XeLaTeX and LuaLaTe
X
\l__fontspec_script_int=\count192
\l__fontspec_language_int=\count193
\l__fontspec_strnum_int=\count194
\l__fontspec_tmp_int=\count195
\l__fontspec_tmpa_int=\count196
\l__fontspec_tmpb_int=\count197
\l__fontspec_tmpc_int=\count198
\l__fontspec_em_int=\count199
\l__fontspec_emdef_int=\count266
\l__fontspec_strong_int=\count267
\l__fontspec_strongdef_int=\count268
\l__fontspec_tmpa_dim=\dimen144
\l__fontspec_tmpb_dim=\dimen145
\l__fontspec_tmpc_dim=\dimen146
(/Users/sds27/Library/TinyTeX/texmf-dist/tex/latex/base/fontenc.sty
Package: fontenc 2020/02/11 v2.0o Standard LaTeX package
) (/Users/sds27/Library/TinyTeX/texmf-dist/tex/latex/fontspec/fontspec.cfg))) (
/Users/sds27/Library/TinyTeX/texmf-dist/tex/latex/base/fix-cm.sty
Package: fix-cm 2015/01/14 v1.1t fixes to LaTeX
(/Users/sds27/Library/TinyTeX/texmf-dist/tex/latex/base/ts1enc.def
File: ts1enc.def 2001/06/05 v3.0e (jk/car/fm) Standard LaTeX file
LaTeX Font Info:    Redeclaring font encoding TS1 on input line 47.
))
\g__um_fam_int=\count269
\g__um_fonts_used_int=\count270
\l__um_primecount_int=\count271
\g__um_primekern_muskip=\muskip17

(/Users/sds27/Library/TinyTeX/texmf-dist/tex/latex/unicode-math/unicode-math-ta
ble.tex))) (/Users/sds27/Library/TinyTeX/texmf-dist/tex/latex/xcolor/xcolor.sty
Package: xcolor 2016/05/11 v2.12 LaTeX color extensions (UK)
(/Users/sds27/Library/TinyTeX/texmf-dist/tex/latex/graphics-cfg/color.cfg
File: color.cfg 2016/01/02 v1.6 sample color configuration
)
Package xcolor Info: Driver file: xetex.def on input line 225.
(/Users/sds27/Library/TinyTeX/texmf-dist/tex/latex/graphics-def/xetex.def
File: xetex.def 2017/06/24 v5.0h Graphics/color driver for xetex
)
Package xcolor Info: Model `cmy' substituted by `cmy0' on input line 1348.
Package xcolor Info: Model `RGB' extended on input line 1364.
Package xcolor Info: Model `HTML' substituted by `rgb' on input line 1366.
Package xcolor Info: Model `Hsb' substituted by `hsb' on input line 1367.
Package xcolor Info: Model `tHsb' substituted by `hsb' on input line 1368.
Package xcolor Info: Model `HSB' substituted by `hsb' on input line 1369.
Package xcolor Info: Model `Gray' substituted by `gray' on input line 1370.
Package xcolor Info: Model `wave' substituted by `hsb' on input line 1371.
) (/Users/sds27/Library/TinyTeX/texmf-dist/tex/latex/hyperref/hyperref.sty
Package: hyperref 2020-05-15 v7.00e Hypertext links for LaTeX
(/Users/sds27/Library/TinyTeX/texmf-dist/tex/generic/ltxcmds/ltxcmds.sty
Package: ltxcmds 2019/12/15 v1.24 LaTeX kernel commands for general use (HO)
) (/Users/sds27/Library/TinyTeX/texmf-dist/tex/generic/pdftexcmds/pdftexcmds.st
y
Package: pdftexcmds 2020-06-27 v0.33 Utility functions of pdfTeX for LuaTeX (HO
)
(/Users/sds27/Library/TinyTeX/texmf-dist/tex/generic/infwarerr/infwarerr.sty
Package: infwarerr 2019/12/03 v1.5 Providing info/warning/error messages (HO)
)
Package pdftexcmds Info: \pdf@primitive is available.
Package pdftexcmds Info: \pdf@ifprimitive is available.
Package pdftexcmds Info: \pdfdraftmode not found.
) (/Users/sds27/Library/TinyTeX/texmf-dist/tex/latex/graphics/keyval.sty
Package: keyval 2014/10/28 v1.15 key=value parser (DPC)
\KV@toks@=\toks21
) (/Users/sds27/Library/TinyTeX/texmf-dist/tex/generic/kvsetkeys/kvsetkeys.sty
Package: kvsetkeys 2019/12/15 v1.18 Key value parser (HO)
)
(/Users/sds27/Library/TinyTeX/texmf-dist/tex/generic/kvdefinekeys/kvdefinekeys.
sty
Package: kvdefinekeys 2019-12-19 v1.6 Define keys (HO)
) (/Users/sds27/Library/TinyTeX/texmf-dist/tex/generic/pdfescape/pdfescape.sty
Package: pdfescape 2019/12/09 v1.15 Implements pdfTeX's escape features (HO)
) (/Users/sds27/Library/TinyTeX/texmf-dist/tex/latex/hycolor/hycolor.sty
Package: hycolor 2020-01-27 v1.10 Color options for hyperref/bookmark (HO)
) (/Users/sds27/Library/TinyTeX/texmf-dist/tex/latex/letltxmacro/letltxmacro.st
y
Package: letltxmacro 2019/12/03 v1.6 Let assignment for LaTeX macros (HO)
) (/Users/sds27/Library/TinyTeX/texmf-dist/tex/latex/auxhook/auxhook.sty
Package: auxhook 2019-12-17 v1.6 Hooks for auxiliary files (HO)
) (/Users/sds27/Library/TinyTeX/texmf-dist/tex/latex/kvoptions/kvoptions.sty
Package: kvoptions 2019/11/29 v3.13 Key value format for package options (HO)
)
\@linkdim=\dimen147
\Hy@linkcounter=\count272
\Hy@pagecounter=\count273
(/Users/sds27/Library/TinyTeX/texmf-dist/tex/latex/hyperref/pd1enc.def
File: pd1enc.def 2020-05-15 v7.00e Hyperref: PDFDocEncoding definition (HO)
) (/Users/sds27/Library/TinyTeX/texmf-dist/tex/generic/intcalc/intcalc.sty
Package: intcalc 2019/12/15 v1.3 Expandable calculations with integers (HO)
) (/Users/sds27/Library/TinyTeX/texmf-dist/tex/generic/etexcmds/etexcmds.sty
Package: etexcmds 2019/12/15 v1.7 Avoid name clashes with e-TeX commands (HO)
)
\Hy@SavedSpaceFactor=\count274
Package hyperref Info: Option `unicode' set `true' on input line 4338.
(/Users/sds27/Library/TinyTeX/texmf-dist/tex/latex/hyperref/puenc.def
File: puenc.def 2020-05-15 v7.00e Hyperref: PDF Unicode definition (HO)
)
Package hyperref Info: Hyper figures OFF on input line 4464.
Package hyperref Info: Link nesting OFF on input line 4469.
Package hyperref Info: Hyper index ON on input line 4472.
Package hyperref Info: Plain pages OFF on input line 4479.
Package hyperref Info: Backreferencing OFF on input line 4484.
Package hyperref Info: Implicit mode ON; LaTeX internals redefined.
Package hyperref Info: Bookmarks ON on input line 4717.
\c@Hy@tempcnt=\count275
(/Users/sds27/Library/TinyTeX/texmf-dist/tex/latex/url/url.sty
\Urlmuskip=\muskip18
Package: url 2013/09/16  ver 3.4  Verb mode for urls, etc.
)
LaTeX Info: Redefining \url on input line 5076.
\XeTeXLinkMargin=\dimen148
(/Users/sds27/Library/TinyTeX/texmf-dist/tex/generic/bitset/bitset.sty
Package: bitset 2019/12/09 v1.3 Handle bit-vector datatype (HO)
(/Users/sds27/Library/TinyTeX/texmf-dist/tex/generic/bigintcalc/bigintcalc.sty
Package: bigintcalc 2019/12/15 v1.5 Expandable calculations on big integers (HO
)
))
\Fld@menulength=\count276
\Field@Width=\dimen149
\Fld@charsize=\dimen150
Package hyperref Info: Hyper figures OFF on input line 6347.
Package hyperref Info: Link nesting OFF on input line 6352.
Package hyperref Info: Hyper index ON on input line 6355.
Package hyperref Info: backreferencing OFF on input line 6362.
Package hyperref Info: Link coloring OFF on input line 6367.
Package hyperref Info: Link coloring with OCG OFF on input line 6372.
Package hyperref Info: PDF/A mode OFF on input line 6377.
LaTeX Info: Redefining \ref on input line 6417.
LaTeX Info: Redefining \pageref on input line 6421.
(/Users/sds27/Library/TinyTeX/texmf-dist/tex/generic/atbegshi/atbegshi.sty
Package: atbegshi 2019/12/05 v1.19 At begin shipout hook (HO)
)
\Hy@abspage=\count277
\c@Item=\count278
\c@Hfootnote=\count279
)
Package hyperref Info: Driver (autodetected): hxetex.
(/Users/sds27/Library/TinyTeX/texmf-dist/tex/latex/hyperref/hxetex.def
File: hxetex.def 2020-05-15 v7.00e Hyperref driver for XeTeX
(/Users/sds27/Library/TinyTeX/texmf-dist/tex/generic/stringenc/stringenc.sty
Package: stringenc 2019/11/29 v1.12 Convert strings between diff. encodings (HO
)
)
\pdfm@box=\box48
\c@Hy@AnnotLevel=\count280
\HyField@AnnotCount=\count281
\Fld@listcount=\count282
\c@bookmark@seq@number=\count283

(/Users/sds27/Library/TinyTeX/texmf-dist/tex/latex/rerunfilecheck/rerunfilechec
k.sty
Package: rerunfilecheck 2019/12/05 v1.9 Rerun checks for auxiliary files (HO)
(/Users/sds27/Library/TinyTeX/texmf-dist/tex/latex/atveryend/atveryend.sty
Package: atveryend 2019-12-11 v1.11 Hooks at the very end of document (HO)
Package atveryend Info: \enddocument detected (standard20110627).
)
(/Users/sds27/Library/TinyTeX/texmf-dist/tex/generic/uniquecounter/uniquecounte
r.sty
Package: uniquecounter 2019/12/15 v1.4 Provide unlimited unique counter (HO)
)
Package uniquecounter Info: New unique counter `rerunfilecheck' on input line 2
86.
)
\Hy@SectionHShift=\skip52
) (/Users/sds27/Library/TinyTeX/texmf-dist/tex/latex/fancyvrb/fancyvrb.sty
Package: fancyvrb 2020/05/03 v3.6 verbatim text (tvz,hv)
\FV@CodeLineNo=\count284
\FV@InFile=\read2
\FV@TabBox=\box49
\c@FancyVerbLine=\count285
\FV@StepNumber=\count286
\FV@OutFile=\write3
) (/Users/sds27/Library/TinyTeX/texmf-dist/tex/latex/framed/framed.sty
Package: framed 2011/10/22 v 0.96: framed or shaded text with page breaks
\OuterFrameSep=\skip53
\fb@frw=\dimen151
\fb@frh=\dimen152
\FrameRule=\dimen153
\FrameSep=\dimen154
) (/Users/sds27/Library/TinyTeX/texmf-dist/tex/latex/tools/longtable.sty
Package: longtable 2020/01/07 v4.13 Multi-page Table package (DPC)
\LTleft=\skip54
\LTright=\skip55
\LTpre=\skip56
\LTpost=\skip57
\LTchunksize=\count287
\LTcapwidth=\dimen155
\LT@head=\box50
\LT@firsthead=\box51
\LT@foot=\box52
\LT@lastfoot=\box53
\LT@cols=\count288
\LT@rows=\count289
\c@LT@tables=\count290
\c@LT@chunks=\count291
\LT@p@ftn=\toks22
) (/Users/sds27/Library/TinyTeX/texmf-dist/tex/latex/booktabs/booktabs.sty
Package: booktabs 2020/01/12 v1.61803398 Publication quality tables
\heavyrulewidth=\dimen156
\lightrulewidth=\dimen157
\cmidrulewidth=\dimen158
\belowrulesep=\dimen159
\belowbottomsep=\dimen160
\aboverulesep=\dimen161
\abovetopsep=\dimen162
\cmidrulesep=\dimen163
\cmidrulekern=\dimen164
\defaultaddspace=\dimen165
\@cmidla=\count292
\@cmidlb=\count293
\@aboverulesep=\dimen166
\@belowrulesep=\dimen167
\@thisruleclass=\count294
\@lastruleclass=\count295
\@thisrulewidth=\dimen168
) (/Users/sds27/Library/TinyTeX/texmf-dist/tex/latex/etoolbox/etoolbox.sty
Package: etoolbox 2020/08/24 v2.5j e-TeX tools for LaTeX (JAW)
\etb@tempcnta=\count296
) (/Users/sds27/Library/TinyTeX/texmf-dist/tex/latex/mdwtools/footnote.sty
Package: footnote 1997/01/28 1.13 Save footnotes around boxes
\fn@notes=\box54
\fn@width=\dimen169
) (/Users/sds27/Library/TinyTeX/texmf-dist/tex/latex/graphics/graphicx.sty
Package: graphicx 2019/11/30 v1.2a Enhanced LaTeX Graphics (DPC,SPQR)
(/Users/sds27/Library/TinyTeX/texmf-dist/tex/latex/graphics/graphics.sty
Package: graphics 2019/11/30 v1.4a Standard LaTeX Graphics (DPC,SPQR)
(/Users/sds27/Library/TinyTeX/texmf-dist/tex/latex/graphics/trig.sty
Package: trig 2016/01/03 v1.10 sin cos tan (DPC)
) (/Users/sds27/Library/TinyTeX/texmf-dist/tex/latex/graphics-cfg/graphics.cfg
File: graphics.cfg 2016/06/04 v1.11 sample graphics configuration
)
Package graphics Info: Driver file: xetex.def on input line 105.
)
\Gin@req@height=\dimen170
\Gin@req@width=\dimen171
) (./_main.aux

LaTeX Warning: Label `summary' multiply defined.


LaTeX Warning: Label `recap' multiply defined.


LaTeX Warning: Label `summary' multiply defined.


LaTeX Warning: Label `recap' multiply defined.


LaTeX Warning: Label `recap' multiply defined.


LaTeX Warning: Label `summary' multiply defined.


LaTeX Warning: Label `functions' multiply defined.


LaTeX Warning: Label `summary' multiply defined.


LaTeX Warning: Label `recap' multiply defined.


LaTeX Warning: Label `selection' multiply defined.


LaTeX Warning: Label `selection-1' multiply defined.


LaTeX Warning: Label `summary' multiply defined.


LaTeX Warning: Label `recap' multiply defined.


LaTeX Warning: Label `summary' multiply defined.


LaTeX Warning: Label `recap' multiply defined.


LaTeX Warning: Label `dplyr' multiply defined.


LaTeX Warning: Label `summary' multiply defined.


LaTeX Warning: Label `recap' multiply defined.


LaTeX Warning: Label `example' multiply defined.


LaTeX Warning: Label `summary' multiply defined.


LaTeX Warning: Label `recap' multiply defined.


LaTeX Warning: Label `libraries' multiply defined.


LaTeX Warning: Label `summary' multiply defined.


LaTeX Warning: Label `summary' multiply defined.


LaTeX Warning: Label `libraries' multiply defined.


LaTeX Warning: Label `summary-1' multiply defined.


LaTeX Warning: Label `recap' multiply defined.


LaTeX Warning: Label `summary' multiply defined.


LaTeX Warning: Label `recap' multiply defined.


LaTeX Warning: Label `summary' multiply defined.


LaTeX Warning: Label `recap' multiply defined.


LaTeX Warning: Label `summary' multiply defined.


LaTeX Warning: Label `recap' multiply defined.


LaTeX Warning: Label `summary' multiply defined.


LaTeX Warning: Label `summary' multiply defined.


LaTeX Warning: Label `summary-1' multiply defined.


LaTeX Warning: Label `recap' multiply defined.


LaTeX Warning: Label `libraries-and-data' multiply defined.


LaTeX Warning: Label `summary' multiply defined.


LaTeX Warning: Label `recap' multiply defined.


LaTeX Warning: Label `libraries' multiply defined.


LaTeX Warning: Label `example' multiply defined.


LaTeX Warning: Label `example-1' multiply defined.


LaTeX Warning: Label `summary' multiply defined.


LaTeX Warning: Label `recap' multiply defined.


LaTeX Warning: Label `libraries-and-data' multiply defined.


LaTeX Warning: Label `example' multiply defined.


LaTeX Warning: Label `example-1' multiply defined.


LaTeX Warning: Label `summary' multiply defined.


LaTeX Warning: Label `recap' multiply defined.


LaTeX Warning: Label `libraries-and-data' multiply defined.


LaTeX Warning: Label `summary' multiply defined.


LaTeX Warning: Label `recap' multiply defined.


LaTeX Warning: Label `libraries-and-data' multiply defined.


LaTeX Warning: Label `example' multiply defined.


LaTeX Warning: Label `summary' multiply defined.


LaTeX Warning: Label `recap' multiply defined.


LaTeX Warning: Label `libraries-and-data' multiply defined.


LaTeX Warning: Label `example' multiply defined.


LaTeX Warning: Label `normality' multiply defined.


LaTeX Warning: Label `summary' multiply defined.


LaTeX Warning: Label `recap' multiply defined.


LaTeX Warning: Label `summary' multiply defined.


LaTeX Warning: Label `recap' multiply defined.


LaTeX Warning: Label `summary' multiply defined.


LaTeX Warning: Label `recap' multiply defined.


LaTeX Warning: Label `example' multiply defined.


LaTeX Warning: Label `summary' multiply defined.


LaTeX Warning: Label `recap' multiply defined.


LaTeX Warning: Label `libraries' multiply defined.


LaTeX Warning: Label `example' multiply defined.


LaTeX Warning: Label `summary' multiply defined.


LaTeX Warning: Label `recap' multiply defined.


LaTeX Warning: Label `to-do' multiply defined.


LaTeX Warning: Label `summary' multiply defined.


LaTeX Warning: Label `recap' multiply defined.


LaTeX Warning: Label `to-do' multiply defined.


LaTeX Warning: Label `summary' multiply defined.


LaTeX Warning: Label `recap' multiply defined.


LaTeX Warning: Label `to-do' multiply defined.


LaTeX Warning: Label `summary' multiply defined.

)
\openout1 = `_main.aux'.

LaTeX Font Info:    Checking defaults for OML/cmm/m/it on input line 139.
LaTeX Font Info:    ... okay on input line 139.
LaTeX Font Info:    Checking defaults for OMS/cmsy/m/n on input line 139.
LaTeX Font Info:    ... okay on input line 139.
LaTeX Font Info:    Checking defaults for OT1/cmr/m/n on input line 139.
LaTeX Font Info:    ... okay on input line 139.
LaTeX Font Info:    Checking defaults for T1/cmr/m/n on input line 139.
LaTeX Font Info:    ... okay on input line 139.
LaTeX Font Info:    Checking defaults for TS1/cmr/m/n on input line 139.
LaTeX Font Info:    ... okay on input line 139.
LaTeX Font Info:    Checking defaults for TU/lmr/m/n on input line 139.
LaTeX Font Info:    ... okay on input line 139.
LaTeX Font Info:    Checking defaults for OMX/cmex/m/n on input line 139.
LaTeX Font Info:    ... okay on input line 139.
LaTeX Font Info:    Checking defaults for U/cmr/m/n on input line 139.
LaTeX Font Info:    ... okay on input line 139.
LaTeX Font Info:    Checking defaults for PD1/pdf/m/n on input line 139.
LaTeX Font Info:    ... okay on input line 139.
LaTeX Font Info:    Checking defaults for PU/pdf/m/n on input line 139.
LaTeX Font Info:    ... okay on input line 139.
LaTeX Font Info:    Overwriting math alphabet `\mathrm' in version `normal'
(Font)                  OT1/lmr/m/n --> TU/lmr/m/n on input line 139.
LaTeX Font Info:    Overwriting math alphabet `\mathit' in version `normal'
(Font)                  OT1/lmr/m/it --> TU/lmr/m/it on input line 139.
LaTeX Font Info:    Overwriting math alphabet `\mathbf' in version `normal'
(Font)                  OT1/lmr/bx/n --> TU/lmr/bx/n on input line 139.
LaTeX Font Info:    Overwriting math alphabet `\mathsf' in version `normal'
(Font)                  OT1/lmss/m/n --> TU/lmss/m/n on input line 139.
LaTeX Font Info:    Overwriting math alphabet `\mathsf' in version `bold'
(Font)                  OT1/lmss/bx/n --> TU/lmss/bx/n on input line 139.
LaTeX Font Info:    Overwriting math alphabet `\mathtt' in version `normal'
(Font)                  OT1/lmtt/m/n --> TU/lmtt/m/n on input line 139.
LaTeX Font Info:    Overwriting math alphabet `\mathtt' in version `bold'
(Font)                  OT1/lmtt/m/n --> TU/lmtt/bx/n on input line 139.

Package fontspec Info: latinmodern-math scale = 0.9999964596882403.


Package fontspec Info: latinmodern-math scale = 0.9999964596882403.


Package fontspec Info: latinmodern-math scale = 0.9999964596882403.


Package fontspec Info: Font family 'latinmodern-math.otf(0)' created for font
(fontspec)             'latinmodern-math.otf' with options
(fontspec)             [Scale=MatchLowercase,BoldItalicFont={},ItalicFont={},Sm
allCapsFont={},Script=Math,BoldFont={latinmodern-math.otf}].
(fontspec)              
(fontspec)              This font family consists of the following NFSS
(fontspec)             series/shapes:
(fontspec)              
(fontspec)             - 'normal' (m/n) with NFSS spec.:
(fontspec)             <->s*[0.9999964596882403]"[latinmodern-math.otf]/OT:scri
pt=math;language=dflt;"
(fontspec)             - 'small caps'  (m/sc) with NFSS spec.: 
(fontspec)             - 'bold' (b/n) with NFSS spec.:
(fontspec)             <->s*[0.9999964596882403]"[latinmodern-math.otf]/OT:scri
pt=math;language=dflt;"
(fontspec)             - 'bold small caps'  (b/sc) with NFSS spec.: 

LaTeX Font Info:    Font shape `TU/latinmodern-math.otf(0)/m/n' will be
(Font)              scaled to size 10.0pt on input line 139.

Package fontspec Info: latinmodern-math scale = 0.9999964596882403.


Package fontspec Info: latinmodern-math scale = 0.9999964596882403.


Package fontspec Info: latinmodern-math scale = 0.9999964596882403.


Package fontspec Info: latinmodern-math scale = 0.9999964596882403.


Package fontspec Info: latinmodern-math scale = 0.9999964596882403.


Package fontspec Info: Font family 'latinmodern-math.otf(1)' created for font
(fontspec)             'latinmodern-math.otf' with options
(fontspec)             [Scale=MatchLowercase,BoldItalicFont={},ItalicFont={},Sm
allCapsFont={},Script=Math,SizeFeatures={{Size=8.5-},{Size=6-8.5,Font=latinmode
rn-math.otf,Style=MathScript},{Size=-6,Font=latinmodern-math.otf,Style=MathScri
ptScript}},BoldFont={latinmodern-math.otf}].
(fontspec)              
(fontspec)              This font family consists of the following NFSS
(fontspec)             series/shapes:
(fontspec)              
(fontspec)             - 'normal' (m/n) with NFSS spec.:
(fontspec)             <8.5->s*[0.9999964596882403]"[latinmodern-math.otf]/OT:s
cript=math;language=dflt;"<6-8.5>s*[0.9999964596882403]"[latinmodern-math.otf]/
OT:script=math;language=dflt;+ssty=0;"<-6>s*[0.9999964596882403]"[latinmodern-m
ath.otf]/OT:script=math;language=dflt;+ssty=1;"
(fontspec)             - 'small caps'  (m/sc) with NFSS spec.: 
(fontspec)             - 'bold' (b/n) with NFSS spec.:
(fontspec)             <->s*[0.9999964596882403]"[latinmodern-math.otf]/OT:scri
pt=math;language=dflt;"
(fontspec)             - 'bold small caps'  (b/sc) with NFSS spec.: 

LaTeX Font Info:    Font shape `TU/latinmodern-math.otf(1)/m/n' will be
(Font)              scaled to size 10.0pt on input line 139.
LaTeX Font Info:    Encoding `OT1' has changed to `TU' for symbol font
(Font)              `operators' in the math version `normal' on input line 139.

LaTeX Font Info:    Overwriting symbol font `operators' in version `normal'
(Font)                  OT1/lmr/m/n --> TU/latinmodern-math.otf(1)/m/n on input
 line 139.
LaTeX Font Info:    Encoding `OT1' has changed to `TU' for symbol font
(Font)              `operators' in the math version `bold' on input line 139.
LaTeX Font Info:    Overwriting symbol font `operators' in version `bold'
(Font)                  OT1/lmr/bx/n --> TU/latinmodern-math.otf(1)/b/n on inpu
t line 139.

Package fontspec Info: latinmodern-math scale = 0.9999964596882403.


Package fontspec Info: latinmodern-math scale = 1.000096459334209.


Package fontspec Info: latinmodern-math scale = 0.9999964596882403.


Package fontspec Info: latinmodern-math scale = 1.000096459334209.


Package fontspec Info: latinmodern-math scale = 0.9999964596882403.


Package fontspec Info: latinmodern-math scale = 1.000096459334209.


Package fontspec Info: latinmodern-math scale = 0.9999964596882403.


Package fontspec Info: latinmodern-math scale = 1.000096459334209.


Package fontspec Info: latinmodern-math scale = 0.9999964596882403.


Package fontspec Info: latinmodern-math scale = 1.000096459334209.


Package fontspec Info: Font family 'latinmodern-math.otf(2)' created for font
(fontspec)             'latinmodern-math.otf' with options
(fontspec)             [Scale=MatchLowercase,BoldItalicFont={},ItalicFont={},Sm
allCapsFont={},Script=Math,SizeFeatures={{Size=8.5-},{Size=6-8.5,Font=latinmode
rn-math.otf,Style=MathScript},{Size=-6,Font=latinmodern-math.otf,Style=MathScri
ptScript}},BoldFont={latinmodern-math.otf},ScaleAgain=1.0001,FontAdjustment={\f
ontdimen
(fontspec)             8\font =6.77pt\relax \fontdimen 9\font =3.94pt\relax
(fontspec)             \fontdimen 10\font =4.44pt\relax \fontdimen 11\font
(fontspec)             =6.86pt\relax \fontdimen 12\font =3.45pt\relax
(fontspec)             \fontdimen 13\font =3.63pt\relax \fontdimen 14\font
(fontspec)             =3.63pt\relax \fontdimen 15\font =2.89pt\relax
(fontspec)             \fontdimen 16\font =2.47pt\relax \fontdimen 17\font
(fontspec)             =2.47pt\relax \fontdimen 18\font =2.5pt\relax
(fontspec)             \fontdimen 19\font =2.0pt\relax \fontdimen 22\font
(fontspec)             =2.5pt\relax \fontdimen 20\font =0pt\relax \fontdimen
(fontspec)             21\font =0pt\relax }].
(fontspec)              
(fontspec)              This font family consists of the following NFSS
(fontspec)             series/shapes:
(fontspec)              
(fontspec)             - 'normal' (m/n) with NFSS spec.:
(fontspec)             <8.5->s*[1.000096459334209]"[latinmodern-math.otf]/OT:sc
ript=math;language=dflt;"<6-8.5>s*[1.000096459334209]"[latinmodern-math.otf]/OT
:script=math;language=dflt;+ssty=0;"<-6>s*[1.000096459334209]"[latinmodern-math
.otf]/OT:script=math;language=dflt;+ssty=1;"
(fontspec)             - 'small caps'  (m/sc) with NFSS spec.: 
(fontspec)             and font adjustment code:
(fontspec)             \fontdimen 8\font =6.77pt\relax \fontdimen 9\font
(fontspec)             =3.94pt\relax \fontdimen 10\font =4.44pt\relax
(fontspec)             \fontdimen 11\font =6.86pt\relax \fontdimen 12\font
(fontspec)             =3.45pt\relax \fontdimen 13\font =3.63pt\relax
(fontspec)             \fontdimen 14\font =3.63pt\relax \fontdimen 15\font
(fontspec)             =2.89pt\relax \fontdimen 16\font =2.47pt\relax
(fontspec)             \fontdimen 17\font =2.47pt\relax \fontdimen 18\font
(fontspec)             =2.5pt\relax \fontdimen 19\font =2.0pt\relax \fontdimen
(fontspec)             22\font =2.5pt\relax \fontdimen 20\font =0pt\relax
(fontspec)             \fontdimen 21\font =0pt\relax 
(fontspec)             - 'bold' (b/n) with NFSS spec.:
(fontspec)             <->s*[1.000096459334209]"[latinmodern-math.otf]/OT:scrip
t=math;language=dflt;"
(fontspec)             - 'bold small caps'  (b/sc) with NFSS spec.: 
(fontspec)             and font adjustment code:
(fontspec)             \fontdimen 8\font =6.77pt\relax \fontdimen 9\font
(fontspec)             =3.94pt\relax \fontdimen 10\font =4.44pt\relax
(fontspec)             \fontdimen 11\font =6.86pt\relax \fontdimen 12\font
(fontspec)             =3.45pt\relax \fontdimen 13\font =3.63pt\relax
(fontspec)             \fontdimen 14\font =3.63pt\relax \fontdimen 15\font
(fontspec)             =2.89pt\relax \fontdimen 16\font =2.47pt\relax
(fontspec)             \fontdimen 17\font =2.47pt\relax \fontdimen 18\font
(fontspec)             =2.5pt\relax \fontdimen 19\font =2.0pt\relax \fontdimen
(fontspec)             22\font =2.5pt\relax \fontdimen 20\font =0pt\relax
(fontspec)             \fontdimen 21\font =0pt\relax 

LaTeX Font Info:    Encoding `OMS' has changed to `TU' for symbol font
(Font)              `symbols' in the math version `normal' on input line 139.
LaTeX Font Info:    Overwriting symbol font `symbols' in version `normal'
(Font)                  OMS/lmsy/m/n --> TU/latinmodern-math.otf(2)/m/n on inpu
t line 139.
LaTeX Font Info:    Encoding `OMS' has changed to `TU' for symbol font
(Font)              `symbols' in the math version `bold' on input line 139.
LaTeX Font Info:    Overwriting symbol font `symbols' in version `bold'
(Font)                  OMS/lmsy/b/n --> TU/latinmodern-math.otf(2)/b/n on inpu
t line 139.

Package fontspec Info: latinmodern-math scale = 0.9999964596882403.


Package fontspec Info: latinmodern-math scale = 0.9998964600422715.


Package fontspec Info: latinmodern-math scale = 0.9999964596882403.


Package fontspec Info: latinmodern-math scale = 0.9998964600422715.


Package fontspec Info: latinmodern-math scale = 0.9999964596882403.


Package fontspec Info: latinmodern-math scale = 0.9998964600422715.


Package fontspec Info: latinmodern-math scale = 0.9999964596882403.


Package fontspec Info: latinmodern-math scale = 0.9998964600422715.


Package fontspec Info: latinmodern-math scale = 0.9999964596882403.


Package fontspec Info: latinmodern-math scale = 0.9998964600422715.


Package fontspec Info: Font family 'latinmodern-math.otf(3)' created for font
(fontspec)             'latinmodern-math.otf' with options
(fontspec)             [Scale=MatchLowercase,BoldItalicFont={},ItalicFont={},Sm
allCapsFont={},Script=Math,SizeFeatures={{Size=8.5-},{Size=6-8.5,Font=latinmode
rn-math.otf,Style=MathScript},{Size=-6,Font=latinmodern-math.otf,Style=MathScri
ptScript}},BoldFont={latinmodern-math.otf},ScaleAgain=0.9999,FontAdjustment={\f
ontdimen
(fontspec)             8\font =0.4pt\relax \fontdimen 9\font =2.0pt\relax
(fontspec)             \fontdimen 10\font =1.67pt\relax \fontdimen 11\font
(fontspec)             =1.11pt\relax \fontdimen 12\font =6.0pt\relax
(fontspec)             \fontdimen 13\font =0pt\relax }].
(fontspec)              
(fontspec)              This font family consists of the following NFSS
(fontspec)             series/shapes:
(fontspec)              
(fontspec)             - 'normal' (m/n) with NFSS spec.:
(fontspec)             <8.5->s*[0.9998964600422715]"[latinmodern-math.otf]/OT:s
cript=math;language=dflt;"<6-8.5>s*[0.9998964600422715]"[latinmodern-math.otf]/
OT:script=math;language=dflt;+ssty=0;"<-6>s*[0.9998964600422715]"[latinmodern-m
ath.otf]/OT:script=math;language=dflt;+ssty=1;"
(fontspec)             - 'small caps'  (m/sc) with NFSS spec.: 
(fontspec)             and font adjustment code:
(fontspec)             \fontdimen 8\font =0.4pt\relax \fontdimen 9\font
(fontspec)             =2.0pt\relax \fontdimen 10\font =1.67pt\relax
(fontspec)             \fontdimen 11\font =1.11pt\relax \fontdimen 12\font
(fontspec)             =6.0pt\relax \fontdimen 13\font =0pt\relax 
(fontspec)             - 'bold' (b/n) with NFSS spec.:
(fontspec)             <->s*[0.9998964600422715]"[latinmodern-math.otf]/OT:scri
pt=math;language=dflt;"
(fontspec)             - 'bold small caps'  (b/sc) with NFSS spec.: 
(fontspec)             and font adjustment code:
(fontspec)             \fontdimen 8\font =0.4pt\relax \fontdimen 9\font
(fontspec)             =2.0pt\relax \fontdimen 10\font =1.67pt\relax
(fontspec)             \fontdimen 11\font =1.11pt\relax \fontdimen 12\font
(fontspec)             =6.0pt\relax \fontdimen 13\font =0pt\relax 

LaTeX Font Info:    Encoding `OMX' has changed to `TU' for symbol font
(Font)              `largesymbols' in the math version `normal' on input line 1
39.
LaTeX Font Info:    Overwriting symbol font `largesymbols' in version `normal'
(Font)                  OMX/lmex/m/n --> TU/latinmodern-math.otf(3)/m/n on inpu
t line 139.
LaTeX Font Info:    Encoding `OMX' has changed to `TU' for symbol font
(Font)              `largesymbols' in the math version `bold' on input line 139
.
LaTeX Font Info:    Overwriting symbol font `largesymbols' in version `bold'
(Font)                  OMX/lmex/m/n --> TU/latinmodern-math.otf(3)/b/n on inpu
t line 139.
\AtBeginShipoutBox=\box55
Package hyperref Info: Link coloring OFF on input line 139.
(/Users/sds27/Library/TinyTeX/texmf-dist/tex/latex/hyperref/nameref.sty
Package: nameref 2019/09/16 v2.46 Cross-referencing by name of section
(/Users/sds27/Library/TinyTeX/texmf-dist/tex/latex/refcount/refcount.sty
Package: refcount 2019/12/15 v3.6 Data extraction from label references (HO)
)
(/Users/sds27/Library/TinyTeX/texmf-dist/tex/generic/gettitlestring/gettitlestr
ing.sty
Package: gettitlestring 2019/12/15 v1.6 Cleanup title references (HO)
)
\c@section@level=\count297
)
LaTeX Info: Redefining \ref on input line 139.
LaTeX Info: Redefining \pageref on input line 139.
LaTeX Info: Redefining \nameref on input line 139.
(./_main.out) (./_main.out)
\@outlinefile=\write4
\openout4 = `_main.out'.

LaTeX Font Info:    Font shape `TU/latinmodern-math.otf(1)/m/n' will be
(Font)              scaled to size 12.0pt on input line 141.
LaTeX Font Info:    Font shape `TU/latinmodern-math.otf(1)/m/n' will be
(Font)              scaled to size 8.0pt on input line 141.
LaTeX Font Info:    Font shape `TU/latinmodern-math.otf(1)/m/n' will be
(Font)              scaled to size 6.0pt on input line 141.
LaTeX Font Info:    Trying to load font information for OML+lmm on input line 1
41.
(/Users/sds27/Library/TinyTeX/texmf-dist/tex/latex/lm/omllmm.fd
File: omllmm.fd 2009/10/30 v1.6 Font defs for Latin Modern
)
LaTeX Font Info:    Font shape `TU/latinmodern-math.otf(2)/m/n' will be
(Font)              scaled to size 12.0011pt on input line 141.
LaTeX Font Info:    Font shape `TU/latinmodern-math.otf(2)/m/n' will be
(Font)              scaled to size 8.00073pt on input line 141.
LaTeX Font Info:    Font shape `TU/latinmodern-math.otf(2)/m/n' will be
(Font)              scaled to size 6.00055pt on input line 141.
LaTeX Font Info:    Font shape `TU/latinmodern-math.otf(3)/m/n' will be
(Font)              scaled to size 11.99872pt on input line 141.
LaTeX Font Info:    Font shape `TU/latinmodern-math.otf(3)/m/n' will be
(Font)              scaled to size 7.99915pt on input line 141.
LaTeX Font Info:    Font shape `TU/latinmodern-math.otf(3)/m/n' will be
(Font)              scaled to size 5.99936pt on input line 141.
LaTeX Font Info:    Trying to load font information for U+msa on input line 141
.
(/Users/sds27/Library/TinyTeX/texmf-dist/tex/latex/amsfonts/umsa.fd
File: umsa.fd 2013/01/14 v3.01 AMS symbols A
)
LaTeX Font Info:    Trying to load font information for U+msb on input line 141
.
(/Users/sds27/Library/TinyTeX/texmf-dist/tex/latex/amsfonts/umsb.fd
File: umsb.fd 2013/01/14 v3.01 AMS symbols B
) [1


] [2

] (./_main.toc
LaTeX Font Info:    Font shape `TU/latinmodern-math.otf(1)/m/n' will be
(Font)              scaled to size 7.0pt on input line 2.
LaTeX Font Info:    Font shape `TU/latinmodern-math.otf(1)/m/n' will be
(Font)              scaled to size 5.0pt on input line 2.
LaTeX Font Info:    Font shape `TU/latinmodern-math.otf(2)/m/n' will be
(Font)              scaled to size 10.00092pt on input line 2.
LaTeX Font Info:    Font shape `TU/latinmodern-math.otf(2)/m/n' will be
(Font)              scaled to size 7.00064pt on input line 2.
LaTeX Font Info:    Font shape `TU/latinmodern-math.otf(2)/m/n' will be
(Font)              scaled to size 5.00046pt on input line 2.
LaTeX Font Info:    Font shape `TU/latinmodern-math.otf(3)/m/n' will be
(Font)              scaled to size 9.99893pt on input line 2.
LaTeX Font Info:    Font shape `TU/latinmodern-math.otf(3)/m/n' will be
(Font)              scaled to size 6.99925pt on input line 2.
LaTeX Font Info:    Font shape `TU/latinmodern-math.otf(3)/m/n' will be
(Font)              scaled to size 4.99947pt on input line 2.
[3] [4] [5] [6] [7] [8] [9] [10] [11] [12])
\tf@toc=\write5
\openout5 = `_main.toc'.

[13] [14

]
LaTeX Font Info:    Font shape `TU/lmtt/bx/n' in size <10> not available
(Font)              Font shape `TU/lmtt/b/n' tried instead on input line 164.

Overfull \hbox (96.0pt too wide) in paragraph at lines 188--188
[]\TU/lmtt/m/n/10 ## BLAS:   /Library/Frameworks/R.framework/Versions/4.0/Resou
rces/lib/libRblas.dylib[] 
 []


Overfull \hbox (106.5pt too wide) in paragraph at lines 188--188
[]\TU/lmtt/m/n/10 ## LAPACK: /Library/Frameworks/R.framework/Versions/4.0/Resou
rces/lib/libRlapack.dylib[] 
 []


Overfull \hbox (12.0pt too wide) in paragraph at lines 188--188
[]\TU/lmtt/m/n/10 ## [1] en_GB.UTF-8/en_GB.UTF-8/en_GB.UTF-8/C/en_GB.UTF-8/en_G
B.UTF-8[] 
 []


Overfull \hbox (27.75pt too wide) in paragraph at lines 188--188
[]\TU/lmtt/m/n/10 ## [1] stats     graphics  grDevices utils     datasets  meth
ods   base[] 
 []


Overfull \hbox (27.75pt too wide) in paragraph at lines 188--188
[]\TU/lmtt/m/n/10 ##  [1] compiler_4.0.1  magrittr_1.5    bookdown_0.20   htmlt
ools_0.5.0[] 
 []

[15]
Overfull \hbox (17.25pt too wide) in paragraph at lines 188--188
[]\TU/lmtt/m/n/10 ##  [5] tools_4.0.1     yaml_2.2.1      stringi_1.4.6   rmark
down_2.3[] 
 []

[16]
Chapter 1.
File: 101_L_Introduction_files/figure-latex/unnamed-chunk-1-1.pdf Graphic file 
(type pdf)
<use 101_L_Introduction_files/figure-latex/unnamed-chunk-1-1.pdf>

Underfull \vbox (badness 2772) has occurred while \output is active []

[17

] [18] [19] [20] [21] [22

]
Chapter 2.
[23] [24] [25]
Overfull \hbox (474.0pt too wide) in paragraph at lines 780--780
[]\TU/lmtt/m/n/10 ## -- Attaching packages ------------------------------------
---------------------------------------------------------------------------- ti
dyverse 1.3.0 --[] 
 []


Overfull \hbox (474.0pt too wide) in paragraph at lines 793--793
[]\TU/lmtt/m/n/10 ## -- Conflicts ---------------------------------------------
---------------------------------------------------------------------- tidyvers
e_conflicts() --[] 
 []

[26] [27] [28

]
Chapter 3.
File: images/PipeOperator.png Graphic file (type bmp)
<images/PipeOperator.png>
[29]
Overfull \hbox (474.0pt too wide) in paragraph at lines 933--933
[]\TU/lmtt/m/n/10 ## -- Attaching packages ------------------------------------
---------------------------------------------------------------------------- ti
dyverse 1.3.0 --[] 
 []


Overfull \hbox (474.0pt too wide) in paragraph at lines 946--946
[]\TU/lmtt/m/n/10 ## -- Conflicts ---------------------------------------------
---------------------------------------------------------------------- tidyvers
e_conflicts() --[] 
 []

[30] [31] [32

]
Chapter 4.
[33] [34] [35]
Overfull \hbox (85.5pt too wide) in paragraph at lines 1245--1245
[]\TU/lmtt/m/n/10 ## [1] "Bungalow" "Flat"     "Flat"     "Detached" "Flat"    
 "Terrace"  "Terrace"[] 
 []


Overfull \hbox (12.0pt too wide) in paragraph at lines 1258--1258
[]\TU/lmtt/m/n/10 ## [1] Bungalow Flat     Flat     Detached Flat     Terrace  
Terrace[] 
 []


Overfull \hbox (12.0pt too wide) in paragraph at lines 1276--1276
[]\TU/lmtt/m/n/10 ## [1] Bungalow Flat     Flat     Detached Flat     Terrace  
Terrace[] 
 []

[36]
Overfull \hbox (69.75pt too wide) in paragraph at lines 1330--1330
[]\TU/lmtt/m/n/10 ## Warning in Ops.factor(income_nominal, "Low"): '>' not mean
ingful for factors[] 
 []

[37] [38] [39] [40] [41] [42

]
Chapter 5.
[43] [44] [45] [46] [47] [48

]
Chapter 6.
[49] [50] [51] [52]
Chapter 7.
[53

] [54] [55] [56]
Chapter 8.
[57

]
Overfull \hbox (1.5pt too wide) in paragraph at lines 2413--2413
[]\TU/lmtt/m/n/10 ## Warning: package 'nycflights13' was built under R version 
4.0.2[] 
 []


Overfull \hbox (17.25pt too wide) in paragraph at lines 2429--2429
[]\TU/lmtt/m/n/10 ##  [1] "year"           "month"          "day"            "d
ep_time"[] 
 []


Overfull \hbox (48.75pt too wide) in paragraph at lines 2429--2429
[]\TU/lmtt/m/n/10 ##  [5] "sched_dep_time" "dep_delay"      "arr_time"       "s
ched_arr_time"[] 
 []


Overfull \hbox (12.0pt too wide) in paragraph at lines 2429--2429
[]\TU/lmtt/m/n/10 ##  [9] "arr_delay"      "carrier"        "flight"         "t
ailnum"[] 
 []


Overfull \hbox (17.25pt too wide) in paragraph at lines 2429--2429
[]\TU/lmtt/m/n/10 ## [13] "origin"         "dest"           "air_time"       "d
istance"[] 
 []

[58] [59] [60] [61] [62

]
Chapter 9.
[63] [64]
Overfull \hbox (17.25pt too wide) in paragraph at lines 2735--2735
[]\TU/lmtt/m/n/10 ## `summarise()` ungrouping output (override with `.groups` a
rgument)[] 
 []

[65]
Overfull \hbox (17.25pt too wide) in paragraph at lines 2794--2794
[]\TU/lmtt/m/n/10 ## `summarise()` ungrouping output (override with `.groups` a
rgument)[] 
 []

[66] [67] [68

]
Chapter 10.
File: images/joins.png Graphic file (type bmp)
<images/joins.png>
[69] [70] [71] [72]
Chapter 11.

Underfull \vbox (badness 10000) has occurred while \output is active []

[73

]
Overfull \hbox (474.0pt too wide) in paragraph at lines 3223--3223
[]\TU/lmtt/m/n/10 ## -- Attaching packages ------------------------------------
---------------------------------------------------------------------------- ti
dyverse 1.3.0 --[] 
 []


Overfull \hbox (474.0pt too wide) in paragraph at lines 3236--3236
[]\TU/lmtt/m/n/10 ## -- Conflicts ---------------------------------------------
---------------------------------------------------------------------- tidyvers
e_conflicts() --[] 
 []

[74] [75] [76]
Chapter 12.

Overfull \hbox (41.93002pt too wide) in paragraph at lines 3395--3397
[]\TU/lmr/m/n/10 The full variable names can be found in the file - \TU/lmtt/m/
n/10 2011_OAC_Raw_uVariables_Lookup.csv\TU/lmr/m/n/10 . 
 []

[77

]
Overfull \hbox (474.0pt too wide) in paragraph at lines 3409--3409
[]\TU/lmtt/m/n/10 ## -- Attaching packages ------------------------------------
---------------------------------------------------------------------------- ti
dyverse 1.3.0 --[] 
 []


Overfull \hbox (474.0pt too wide) in paragraph at lines 3422--3422
[]\TU/lmtt/m/n/10 ## -- Conflicts ---------------------------------------------
---------------------------------------------------------------------- tidyvers
e_conflicts() --[] 
 []


Overfull \hbox (63.89009pt too wide) in paragraph at lines 3446--3457
[][] 
 []

[78] [79] [80

]
Chapter 13.
[81] [82] [83] [84]
File: images/imgs002_github_repo_001.png Graphic file (type bmp)
<images/imgs002_github_repo_001.png>
[85] [86

]
Chapter 14.
[87] [88]
File: images/Lecture1_RMarkdown001.png Graphic file (type bmp)
<images/Lecture1_RMarkdown001.png>
[89] [90

]
Chapter 15.
[91]
File: images/git_snapshots.png Graphic file (type bmp)
<images/git_snapshots.png>
File: images/git_three_stages.png Graphic file (type bmp)
<images/git_three_stages.png>
[92]
File: images/git_rstudio.png Graphic file (type bmp)
<images/git_rstudio.png>
[93] [94]
Chapter 16.
[95

] [96]
File: 301_L_DataVisualisation_files/figure-latex/unnamed-chunk-5-1.pdf Graphic 
file (type pdf)
<use 301_L_DataVisualisation_files/figure-latex/unnamed-chunk-5-1.pdf>
[97]
File: 301_L_DataVisualisation_files/figure-latex/unnamed-chunk-9-1.pdf Graphic 
file (type pdf)
<use 301_L_DataVisualisation_files/figure-latex/unnamed-chunk-9-1.pdf>
[98]
File: 301_L_DataVisualisation_files/figure-latex/unnamed-chunk-11-1.pdf Graphic
 file (type pdf)
<use 301_L_DataVisualisation_files/figure-latex/unnamed-chunk-11-1.pdf>
[99]
File: 301_L_DataVisualisation_files/figure-latex/unnamed-chunk-13-1.pdf Graphic
 file (type pdf)
<use 301_L_DataVisualisation_files/figure-latex/unnamed-chunk-13-1.pdf>
[100]
File: 301_L_DataVisualisation_files/figure-latex/unnamed-chunk-15-1.pdf Graphic
 file (type pdf)
<use 301_L_DataVisualisation_files/figure-latex/unnamed-chunk-15-1.pdf>
[101]
File: 301_L_DataVisualisation_files/figure-latex/unnamed-chunk-17-1.pdf Graphic
 file (type pdf)
<use 301_L_DataVisualisation_files/figure-latex/unnamed-chunk-17-1.pdf>
[102]
File: 301_L_DataVisualisation_files/figure-latex/unnamed-chunk-19-1.pdf Graphic
 file (type pdf)
<use 301_L_DataVisualisation_files/figure-latex/unnamed-chunk-19-1.pdf>
[103]
File: 301_L_DataVisualisation_files/figure-latex/unnamed-chunk-21-1.pdf Graphic
 file (type pdf)
<use 301_L_DataVisualisation_files/figure-latex/unnamed-chunk-21-1.pdf>
[104]
Chapter 17.
[105

] [106] [107] [108]
Chapter 18.
File: 303_L_ExploringAssumptions_files/figure-latex/unnamed-chunk-2-1.pdf Graph
ic file (type pdf)
<use 303_L_ExploringAssumptions_files/figure-latex/unnamed-chunk-2-1.pdf>
[109

]
File: 303_L_ExploringAssumptions_files/figure-latex/unnamed-chunk-4-1.pdf Graph
ic file (type pdf)
<use 303_L_ExploringAssumptions_files/figure-latex/unnamed-chunk-4-1.pdf>
File: 303_L_ExploringAssumptions_files/figure-latex/unnamed-chunk-6-1.pdf Graph
ic file (type pdf)
<use 303_L_ExploringAssumptions_files/figure-latex/unnamed-chunk-6-1.pdf>

Underfull \vbox (badness 10000) has occurred while \output is active []

[110] [111] [112] [113] [114

]
Chapter 19.
File: 311_L_ComparingMeans_files/figure-latex/unnamed-chunk-2-1.pdf Graphic fil
e (type pdf)
<use 311_L_ComparingMeans_files/figure-latex/unnamed-chunk-2-1.pdf>

Underfull \vbox (badness 10000) has occurred while \output is active []

[115]
LaTeX Font Info:    Font shape `TU/lmtt/bx/n' in size <8> not available
(Font)              Font shape `TU/lmtt/b/n' tried instead on input line 5236.
[116] [117] [118] [119] [120

]
Chapter 20.
[121]
File: 312_L_Correlation_files/figure-latex/unnamed-chunk-2-1.pdf Graphic file (
type pdf)
<use 312_L_Correlation_files/figure-latex/unnamed-chunk-2-1.pdf>
[122]
Overfull \hbox (5.91605pt too wide) in paragraph at lines 5598--5598
[]\TU/lmtt/m/n/8 ## t = 58.282, df = 972, p-value < 2.2e-16[] 
 []


Overfull \hbox (86.62802pt too wide) in paragraph at lines 5598--5598
[]\TU/lmtt/m/n/8 ## alternative hypothesis: true correlation is not equal to 0[
] 
 []


Underfull \hbox (badness 2096) in paragraph at lines 5615--5616
[]\TU/lmr/m/n/8 If two variables are \TU/lmr/bx/n/8 not normally dis-
 []


Overfull \hbox (171.58803pt too wide) in paragraph at lines 5653--5653
[]\TU/lmtt/m/n/8 ## Warning in cor.test.default(dep_delay, arr_delay, method = 
"spearman"): Cannot[] 
 []


Overfull \hbox (52.64403pt too wide) in paragraph at lines 5665--5665
[]\TU/lmtt/m/n/8 ## alternative hypothesis: true rho is not equal to 0[] 
 []


Underfull \vbox (badness 10000) has occurred while \output is active []

[123]
Overfull \hbox (52.64403pt too wide) in paragraph at lines 5727--5727
[]\TU/lmtt/m/n/8 ## alternative hypothesis: true tau is not equal to 0[] 
 []

File: 312_L_Correlation_files/figure-latex/unnamed-chunk-11-1.pdf Graphic file 
(type pdf)
<use 312_L_Correlation_files/figure-latex/unnamed-chunk-11-1.pdf>

Underfull \vbox (badness 10000) has occurred while \output is active []

[124] [125] [126

]
Chapter 21.
[127]
File: 313_L_DataTransformations_files/figure-latex/unnamed-chunk-4-1.pdf Graphi
c file (type pdf)
<use 313_L_DataTransformations_files/figure-latex/unnamed-chunk-4-1.pdf>
File: 313_L_DataTransformations_files/figure-latex/unnamed-chunk-5-1.pdf Graphi
c file (type pdf)
<use 313_L_DataTransformations_files/figure-latex/unnamed-chunk-5-1.pdf>
File: 313_L_DataTransformations_files/figure-latex/unnamed-chunk-8-1.pdf Graphi
c file (type pdf)
<use 313_L_DataTransformations_files/figure-latex/unnamed-chunk-8-1.pdf>
File: 313_L_DataTransformations_files/figure-latex/unnamed-chunk-9-1.pdf Graphi
c file (type pdf)
<use 313_L_DataTransformations_files/figure-latex/unnamed-chunk-9-1.pdf>

Underfull \vbox (badness 7308) has occurred while \output is active []

[128]
File: 313_L_DataTransformations_files/figure-latex/unnamed-chunk-12-1.pdf Graph
ic file (type pdf)
<use 313_L_DataTransformations_files/figure-latex/unnamed-chunk-12-1.pdf>
File: 313_L_DataTransformations_files/figure-latex/unnamed-chunk-13-1.pdf Graph
ic file (type pdf)
<use 313_L_DataTransformations_files/figure-latex/unnamed-chunk-13-1.pdf>
[129] [130

]
Chapter 22.
[131]
File: images/489px-Linear_least_squares_example2.svg.png Graphic file (type bmp
)
<images/489px-Linear_least_squares_example2.svg.png>

Underfull \hbox (badness 10000) in paragraph at lines 6083--6085
[]\TU/lmr/m/n/10 by Krishnavedala via Wikimedia
 []

[132]
File: 321_L_Regression_files/figure-latex/unnamed-chunk-5-1.pdf Graphic file (t
ype pdf)
<use 321_L_Regression_files/figure-latex/unnamed-chunk-5-1.pdf>
[133] [134]
Chapter 23.
[135

] [136]
Overfull \hbox (6.0pt too wide) in paragraph at lines 6378--6378
[]\TU/lmtt/m/n/10 ## W = 0.98231, p-value = 1.73e-09[] 
 []

File: 322_L_RegressionAssessing_files/figure-latex/unnamed-chunk-4-1.pdf Graphi
c file (type pdf)
<use 322_L_RegressionAssessing_files/figure-latex/unnamed-chunk-4-1.pdf>

Overfull \hbox (5.91605pt too wide) in paragraph at lines 6424--6424
[]\TU/lmtt/m/n/8 ## BP = 0.017316, df = 1, p-value = 0.8953[] 
 []

File: 322_L_RegressionAssessing_files/figure-latex/unnamed-chunk-6-1.pdf Graphi
c file (type pdf)
<use 322_L_RegressionAssessing_files/figure-latex/unnamed-chunk-6-1.pdf>

Underfull \vbox (badness 10000) has occurred while \output is active []

[137] [138] [139] [140

]
Chapter 24.
[141] [142]
Chapter 25.
[143

]
Underfull \hbox (badness 4416) in paragraph at lines 6711--6712
\TU/lmr/m/n/10 prediction and output in
 []

File: images/MnistExamples.png Graphic file (type bmp)
<images/MnistExamples.png>

Underfull \vbox (badness 6658) has occurred while \output is active []

[144]
File: images/DBSCAN-Gaussian-data.png Graphic file (type bmp)
<images/DBSCAN-Gaussian-data.png>
[145]
Underfull \hbox (badness 3199) in paragraph at lines 6843--6845
[]\TU/lmr/m/n/10 combines input values
 []

File: images/ANN_description.png Graphic file (type bmp)
<images/ANN_description.png>

Underfull \hbox (badness 2134) in paragraph at lines 6858--6861
[]\TU/lmr/m/n/10 by Egm4313.s12 and Glosser.ca via
 []

File: images/Colored_deep_neural_network-01.png Graphic file (type bmp)
<images/Colored_deep_neural_network-01.png>

Underfull \vbox (badness 10000) has occurred while \output is active []

[146]
File: images/Typical_cnn.png Graphic file (type bmp)
<images/Typical_cnn.png>

Underfull \hbox (badness 1281) in paragraph at lines 6937--6938
[]\TU/lmr/m/n/10 e.g., []Facial Recognition Is
 []


Underfull \hbox (badness 1337) in paragraph at lines 6937--6938
\TU/lmr/m/n/10 Guy[] by Steve Lohr (New
 []

File: images/Overfitting.svg.png Graphic file (type bmp)
<images/Overfitting.svg.png>

Underfull \hbox (badness 10000) in paragraph at lines 6955--6956
[]\TU/lmr/m/n/10 by Chabacanoia Wikimedia
 []

[147] [148]
Chapter 26.
[149

]
File: 402_L_ClusteringCentroid_files/figure-latex/unnamed-chunk-2-1.pdf Graphic
 file (type pdf)
<use 402_L_ClusteringCentroid_files/figure-latex/unnamed-chunk-2-1.pdf>

Underfull \vbox (badness 10000) has occurred while \output is active []

[150] [151]
File: 402_L_ClusteringCentroid_files/figure-latex/unnamed-chunk-4-1.pdf Graphic
 file (type pdf)
<use 402_L_ClusteringCentroid_files/figure-latex/unnamed-chunk-4-1.pdf>
File: 402_L_ClusteringCentroid_files/figure-latex/unnamed-chunk-5-1.pdf Graphic
 file (type pdf)
<use 402_L_ClusteringCentroid_files/figure-latex/unnamed-chunk-5-1.pdf>
[152]
File: 402_L_ClusteringCentroid_files/figure-latex/unnamed-chunk-8-1.pdf Graphic
 file (type pdf)
<use 402_L_ClusteringCentroid_files/figure-latex/unnamed-chunk-8-1.pdf>
File: 402_L_ClusteringCentroid_files/figure-latex/unnamed-chunk-9-1.pdf Graphic
 file (type pdf)
<use 402_L_ClusteringCentroid_files/figure-latex/unnamed-chunk-9-1.pdf>

Underfull \vbox (badness 10000) has occurred while \output is active []

[153] [154] [155] [156

]
Chapter 27.

Overfull \hbox (474.0pt too wide) in paragraph at lines 7304--7304
[]\TU/lmtt/m/n/10 ## -- Attaching packages ------------------------------------
---------------------------------------------------------------------------- ti
dyverse 1.3.0 --[] 
 []


Overfull \hbox (474.0pt too wide) in paragraph at lines 7317--7317
[]\TU/lmtt/m/n/10 ## -- Conflicts ---------------------------------------------
---------------------------------------------------------------------- tidyvers
e_conflicts() --[] 
 []

[157]
Overfull \hbox (0.80673pt too wide) has occurred while \output is active
\TU/lmr/m/n/10 158 \TU/lmr/m/sl/10 CHAPTER 27.  HIERARCHICAL AND DENSITY-BASED 
CLUSTERING
 []

[158]
File: 403_L_ClusteringHierarchicalDensity_files/figure-latex/unnamed-chunk-4-1.
pdf Graphic file (type pdf)
<use 403_L_ClusteringHierarchicalDensity_files/figure-latex/unnamed-chunk-4-1.p
df>
File: 403_L_ClusteringHierarchicalDensity_files/figure-latex/unnamed-chunk-5-1.
pdf Graphic file (type pdf)
<use 403_L_ClusteringHierarchicalDensity_files/figure-latex/unnamed-chunk-5-1.p
df>
File: 403_L_ClusteringHierarchicalDensity_files/figure-latex/unnamed-chunk-6-1.
pdf Graphic file (type pdf)
<use 403_L_ClusteringHierarchicalDensity_files/figure-latex/unnamed-chunk-6-1.p
df>

Underfull \vbox (badness 10000) has occurred while \output is active []

[159]
File: 403_L_ClusteringHierarchicalDensity_files/figure-latex/unnamed-chunk-8-1.
pdf Graphic file (type pdf)
<use 403_L_ClusteringHierarchicalDensity_files/figure-latex/unnamed-chunk-8-1.p
df>
File: 403_L_ClusteringHierarchicalDensity_files/figure-latex/unnamed-chunk-9-1.
pdf Graphic file (type pdf)
<use 403_L_ClusteringHierarchicalDensity_files/figure-latex/unnamed-chunk-9-1.p
df>

Underfull \vbox (badness 10000) has occurred while \output is active []


Overfull \hbox (0.80673pt too wide) has occurred while \output is active
\TU/lmr/m/n/10 160 \TU/lmr/m/sl/10 CHAPTER 27.  HIERARCHICAL AND DENSITY-BASED 
CLUSTERING
 []

[160]
File: 403_L_ClusteringHierarchicalDensity_files/figure-latex/unnamed-chunk-11-1
.pdf Graphic file (type pdf)
<use 403_L_ClusteringHierarchicalDensity_files/figure-latex/unnamed-chunk-11-1.
pdf>
File: 403_L_ClusteringHierarchicalDensity_files/figure-latex/unnamed-chunk-12-1
.pdf Graphic file (type pdf)
<use 403_L_ClusteringHierarchicalDensity_files/figure-latex/unnamed-chunk-12-1.
pdf>

Underfull \vbox (badness 10000) has occurred while \output is active []

[161]
Overfull \hbox (0.80673pt too wide) has occurred while \output is active
\TU/lmr/m/n/10 162 \TU/lmr/m/sl/10 CHAPTER 27.  HIERARCHICAL AND DENSITY-BASED 
CLUSTERING
 []

[162]
Chapter 28.
[163

] [164]
Chapter 29.
[165

] [166]
Chapter 30.
Package atveryend Info: Empty hook `BeforeClearDocument' on input line 7684.
[167

]
Package atveryend Info: Empty hook `AfterLastShipout' on input line 7684.
(./_main.aux)
Package atveryend Info: Empty hook `AtVeryEndDocument' on input line 7684.
Package atveryend Info: Executing hook `AtEndAfterFileList' on input line 7684.

Package rerunfilecheck Info: File `_main.out' has not changed.
(rerunfilecheck)             Checksum: 23B500F07C918ABDD0E080B3FADD2709;35585.

LaTeX Warning: There were multiply-defined labels.

Package atveryend Info: Empty hook `AtVeryVeryEnd' on input line 7684.
 ) 
Here is how much of TeX's memory you used:
 17641 strings out of 481691
 322945 string characters out of 5929785
 751804 words of memory out of 5000000
 34459 multiletter control sequences out of 15000+600000
 541635 words of font info for 94 fonts, out of 8000000 for 9000
 14 hyphenation exceptions out of 8191
 52i,6n,118p,899b,503s stack positions out of 5000i,500n,10000p,200000b,80000s

Output written on _main.pdf (167 pages).
